#! /yosyshq/bin/vvp
:ivl_version "12.0 (devel)" "(s20150603-1135-g6b127432-dirty)";
:ivl_delay_selection "TYPICAL";
:vpi_time_precision + 0;
:vpi_module "C:\Users\Admin\.apio\packages\tools-oss-cad-suite\lib\ivl\system.vpi";
:vpi_module "C:\Users\Admin\.apio\packages\tools-oss-cad-suite\lib\ivl\vhdl_sys.vpi";
:vpi_module "C:\Users\Admin\.apio\packages\tools-oss-cad-suite\lib\ivl\vhdl_textio.vpi";
:vpi_module "C:\Users\Admin\.apio\packages\tools-oss-cad-suite\lib\ivl\v2005_math.vpi";
:vpi_module "C:\Users\Admin\.apio\packages\tools-oss-cad-suite\lib\ivl\va_math.vpi";
S_0000000005f27a50 .scope module, "$__ABC9_LUT5" "$__ABC9_LUT5" 2 22;
 .timescale 0 0;
    .port_info 0 /INPUT 1 "M0";
    .port_info 1 /INPUT 1 "D";
    .port_info 2 /INPUT 1 "C";
    .port_info 3 /INPUT 1 "B";
    .port_info 4 /INPUT 1 "A";
    .port_info 5 /OUTPUT 1 "Z";
o0000000005fe2618 .functor BUFZ 1, C4<z>; HiZ drive
v0000000005fcde90_0 .net "A", 0 0, o0000000005fe2618;  0 drivers
o0000000005fe2648 .functor BUFZ 1, C4<z>; HiZ drive
v0000000005fce750_0 .net "B", 0 0, o0000000005fe2648;  0 drivers
o0000000005fe2678 .functor BUFZ 1, C4<z>; HiZ drive
v0000000005fcdc10_0 .net "C", 0 0, o0000000005fe2678;  0 drivers
o0000000005fe26a8 .functor BUFZ 1, C4<z>; HiZ drive
v0000000005fcdfd0_0 .net "D", 0 0, o0000000005fe26a8;  0 drivers
o0000000005fe26d8 .functor BUFZ 1, C4<z>; HiZ drive
v0000000005fce7f0_0 .net "M0", 0 0, o0000000005fe26d8;  0 drivers
o0000000005fe2708 .functor BUFZ 1, C4<z>; HiZ drive
v0000000005fce110_0 .net "Z", 0 0, o0000000005fe2708;  0 drivers
S_0000000005f27be0 .scope module, "$__ABC9_LUT6" "$__ABC9_LUT6" 2 36;
 .timescale 0 0;
    .port_info 0 /INPUT 1 "M1";
    .port_info 1 /INPUT 1 "M0";
    .port_info 2 /INPUT 1 "D";
    .port_info 3 /INPUT 1 "C";
    .port_info 4 /INPUT 1 "B";
    .port_info 5 /INPUT 1 "A";
    .port_info 6 /OUTPUT 1 "Z";
o0000000005fe2858 .functor BUFZ 1, C4<z>; HiZ drive
v0000000005fce4d0_0 .net "A", 0 0, o0000000005fe2858;  0 drivers
o0000000005fe2888 .functor BUFZ 1, C4<z>; HiZ drive
v0000000005fcd530_0 .net "B", 0 0, o0000000005fe2888;  0 drivers
o0000000005fe28b8 .functor BUFZ 1, C4<z>; HiZ drive
v0000000005fcd990_0 .net "C", 0 0, o0000000005fe28b8;  0 drivers
o0000000005fe28e8 .functor BUFZ 1, C4<z>; HiZ drive
v0000000005fce070_0 .net "D", 0 0, o0000000005fe28e8;  0 drivers
o0000000005fe2918 .functor BUFZ 1, C4<z>; HiZ drive
v0000000005fce890_0 .net "M0", 0 0, o0000000005fe2918;  0 drivers
o0000000005fe2948 .functor BUFZ 1, C4<z>; HiZ drive
v0000000005fcdd50_0 .net "M1", 0 0, o0000000005fe2948;  0 drivers
o0000000005fe2978 .functor BUFZ 1, C4<z>; HiZ drive
v0000000005fce390_0 .net "Z", 0 0, o0000000005fe2978;  0 drivers
S_0000000005f37230 .scope module, "$__ABC9_LUT7" "$__ABC9_LUT7" 2 51;
 .timescale 0 0;
    .port_info 0 /INPUT 1 "M2";
    .port_info 1 /INPUT 1 "M1";
    .port_info 2 /INPUT 1 "M0";
    .port_info 3 /INPUT 1 "D";
    .port_info 4 /INPUT 1 "C";
    .port_info 5 /INPUT 1 "B";
    .port_info 6 /INPUT 1 "A";
    .port_info 7 /OUTPUT 1 "Z";
o0000000005fe2af8 .functor BUFZ 1, C4<z>; HiZ drive
v0000000005fcddf0_0 .net "A", 0 0, o0000000005fe2af8;  0 drivers
o0000000005fe2b28 .functor BUFZ 1, C4<z>; HiZ drive
v0000000005fce1b0_0 .net "B", 0 0, o0000000005fe2b28;  0 drivers
o0000000005fe2b58 .functor BUFZ 1, C4<z>; HiZ drive
v0000000005fcd2b0_0 .net "C", 0 0, o0000000005fe2b58;  0 drivers
o0000000005fe2b88 .functor BUFZ 1, C4<z>; HiZ drive
v0000000005fcdcb0_0 .net "D", 0 0, o0000000005fe2b88;  0 drivers
o0000000005fe2bb8 .functor BUFZ 1, C4<z>; HiZ drive
v0000000005fce570_0 .net "M0", 0 0, o0000000005fe2bb8;  0 drivers
o0000000005fe2be8 .functor BUFZ 1, C4<z>; HiZ drive
v0000000005fce930_0 .net "M1", 0 0, o0000000005fe2be8;  0 drivers
o0000000005fe2c18 .functor BUFZ 1, C4<z>; HiZ drive
v0000000005fcca90_0 .net "M2", 0 0, o0000000005fe2c18;  0 drivers
o0000000005fe2c48 .functor BUFZ 1, C4<z>; HiZ drive
v0000000005fce2f0_0 .net "Z", 0 0, o0000000005fe2c48;  0 drivers
S_0000000005f373c0 .scope module, "DP16KD" "DP16KD" 2 602;
 .timescale 0 0;
    .port_info 0 /INPUT 1 "DIA17";
    .port_info 1 /INPUT 1 "DIA16";
    .port_info 2 /INPUT 1 "DIA15";
    .port_info 3 /INPUT 1 "DIA14";
    .port_info 4 /INPUT 1 "DIA13";
    .port_info 5 /INPUT 1 "DIA12";
    .port_info 6 /INPUT 1 "DIA11";
    .port_info 7 /INPUT 1 "DIA10";
    .port_info 8 /INPUT 1 "DIA9";
    .port_info 9 /INPUT 1 "DIA8";
    .port_info 10 /INPUT 1 "DIA7";
    .port_info 11 /INPUT 1 "DIA6";
    .port_info 12 /INPUT 1 "DIA5";
    .port_info 13 /INPUT 1 "DIA4";
    .port_info 14 /INPUT 1 "DIA3";
    .port_info 15 /INPUT 1 "DIA2";
    .port_info 16 /INPUT 1 "DIA1";
    .port_info 17 /INPUT 1 "DIA0";
    .port_info 18 /INPUT 1 "ADA13";
    .port_info 19 /INPUT 1 "ADA12";
    .port_info 20 /INPUT 1 "ADA11";
    .port_info 21 /INPUT 1 "ADA10";
    .port_info 22 /INPUT 1 "ADA9";
    .port_info 23 /INPUT 1 "ADA8";
    .port_info 24 /INPUT 1 "ADA7";
    .port_info 25 /INPUT 1 "ADA6";
    .port_info 26 /INPUT 1 "ADA5";
    .port_info 27 /INPUT 1 "ADA4";
    .port_info 28 /INPUT 1 "ADA3";
    .port_info 29 /INPUT 1 "ADA2";
    .port_info 30 /INPUT 1 "ADA1";
    .port_info 31 /INPUT 1 "ADA0";
    .port_info 32 /INPUT 1 "CEA";
    .port_info 33 /INPUT 1 "OCEA";
    .port_info 34 /INPUT 1 "CLKA";
    .port_info 35 /INPUT 1 "WEA";
    .port_info 36 /INPUT 1 "RSTA";
    .port_info 37 /INPUT 1 "CSA2";
    .port_info 38 /INPUT 1 "CSA1";
    .port_info 39 /INPUT 1 "CSA0";
    .port_info 40 /OUTPUT 1 "DOA17";
    .port_info 41 /OUTPUT 1 "DOA16";
    .port_info 42 /OUTPUT 1 "DOA15";
    .port_info 43 /OUTPUT 1 "DOA14";
    .port_info 44 /OUTPUT 1 "DOA13";
    .port_info 45 /OUTPUT 1 "DOA12";
    .port_info 46 /OUTPUT 1 "DOA11";
    .port_info 47 /OUTPUT 1 "DOA10";
    .port_info 48 /OUTPUT 1 "DOA9";
    .port_info 49 /OUTPUT 1 "DOA8";
    .port_info 50 /OUTPUT 1 "DOA7";
    .port_info 51 /OUTPUT 1 "DOA6";
    .port_info 52 /OUTPUT 1 "DOA5";
    .port_info 53 /OUTPUT 1 "DOA4";
    .port_info 54 /OUTPUT 1 "DOA3";
    .port_info 55 /OUTPUT 1 "DOA2";
    .port_info 56 /OUTPUT 1 "DOA1";
    .port_info 57 /OUTPUT 1 "DOA0";
    .port_info 58 /INPUT 1 "DIB17";
    .port_info 59 /INPUT 1 "DIB16";
    .port_info 60 /INPUT 1 "DIB15";
    .port_info 61 /INPUT 1 "DIB14";
    .port_info 62 /INPUT 1 "DIB13";
    .port_info 63 /INPUT 1 "DIB12";
    .port_info 64 /INPUT 1 "DIB11";
    .port_info 65 /INPUT 1 "DIB10";
    .port_info 66 /INPUT 1 "DIB9";
    .port_info 67 /INPUT 1 "DIB8";
    .port_info 68 /INPUT 1 "DIB7";
    .port_info 69 /INPUT 1 "DIB6";
    .port_info 70 /INPUT 1 "DIB5";
    .port_info 71 /INPUT 1 "DIB4";
    .port_info 72 /INPUT 1 "DIB3";
    .port_info 73 /INPUT 1 "DIB2";
    .port_info 74 /INPUT 1 "DIB1";
    .port_info 75 /INPUT 1 "DIB0";
    .port_info 76 /INPUT 1 "ADB13";
    .port_info 77 /INPUT 1 "ADB12";
    .port_info 78 /INPUT 1 "ADB11";
    .port_info 79 /INPUT 1 "ADB10";
    .port_info 80 /INPUT 1 "ADB9";
    .port_info 81 /INPUT 1 "ADB8";
    .port_info 82 /INPUT 1 "ADB7";
    .port_info 83 /INPUT 1 "ADB6";
    .port_info 84 /INPUT 1 "ADB5";
    .port_info 85 /INPUT 1 "ADB4";
    .port_info 86 /INPUT 1 "ADB3";
    .port_info 87 /INPUT 1 "ADB2";
    .port_info 88 /INPUT 1 "ADB1";
    .port_info 89 /INPUT 1 "ADB0";
    .port_info 90 /INPUT 1 "CEB";
    .port_info 91 /INPUT 1 "OCEB";
    .port_info 92 /INPUT 1 "CLKB";
    .port_info 93 /INPUT 1 "WEB";
    .port_info 94 /INPUT 1 "RSTB";
    .port_info 95 /INPUT 1 "CSB2";
    .port_info 96 /INPUT 1 "CSB1";
    .port_info 97 /INPUT 1 "CSB0";
    .port_info 98 /OUTPUT 1 "DOB17";
    .port_info 99 /OUTPUT 1 "DOB16";
    .port_info 100 /OUTPUT 1 "DOB15";
    .port_info 101 /OUTPUT 1 "DOB14";
    .port_info 102 /OUTPUT 1 "DOB13";
    .port_info 103 /OUTPUT 1 "DOB12";
    .port_info 104 /OUTPUT 1 "DOB11";
    .port_info 105 /OUTPUT 1 "DOB10";
    .port_info 106 /OUTPUT 1 "DOB9";
    .port_info 107 /OUTPUT 1 "DOB8";
    .port_info 108 /OUTPUT 1 "DOB7";
    .port_info 109 /OUTPUT 1 "DOB6";
    .port_info 110 /OUTPUT 1 "DOB5";
    .port_info 111 /OUTPUT 1 "DOB4";
    .port_info 112 /OUTPUT 1 "DOB3";
    .port_info 113 /OUTPUT 1 "DOB2";
    .port_info 114 /OUTPUT 1 "DOB1";
    .port_info 115 /OUTPUT 1 "DOB0";
P_0000000005fd2e80 .param/str "ADA0MUX" 0 2 661, "ADA0";
P_0000000005fd2eb8 .param/str "ADA10MUX" 0 2 651, "ADA10";
P_0000000005fd2ef0 .param/str "ADA11MUX" 0 2 650, "ADA11";
P_0000000005fd2f28 .param/str "ADA12MUX" 0 2 649, "ADA12";
P_0000000005fd2f60 .param/str "ADA13MUX" 0 2 648, "ADA13";
P_0000000005fd2f98 .param/str "ADA1MUX" 0 2 660, "ADA1";
P_0000000005fd2fd0 .param/str "ADA2MUX" 0 2 659, "ADA2";
P_0000000005fd3008 .param/str "ADA3MUX" 0 2 658, "ADA3";
P_0000000005fd3040 .param/str "ADA4MUX" 0 2 657, "ADA4";
P_0000000005fd3078 .param/str "ADA5MUX" 0 2 656, "ADA5";
P_0000000005fd30b0 .param/str "ADA6MUX" 0 2 655, "ADA6";
P_0000000005fd30e8 .param/str "ADA7MUX" 0 2 654, "ADA7";
P_0000000005fd3120 .param/str "ADA8MUX" 0 2 653, "ADA8";
P_0000000005fd3158 .param/str "ADA9MUX" 0 2 652, "ADA9";
P_0000000005fd3190 .param/str "ADB0MUX" 0 2 719, "ADB0";
P_0000000005fd31c8 .param/str "ADB10MUX" 0 2 709, "ADB10";
P_0000000005fd3200 .param/str "ADB11MUX" 0 2 708, "ADB11";
P_0000000005fd3238 .param/str "ADB12MUX" 0 2 707, "ADB12";
P_0000000005fd3270 .param/str "ADB13MUX" 0 2 706, "ADB13";
P_0000000005fd32a8 .param/str "ADB1MUX" 0 2 718, "ADB1";
P_0000000005fd32e0 .param/str "ADB2MUX" 0 2 717, "ADB2";
P_0000000005fd3318 .param/str "ADB3MUX" 0 2 716, "ADB3";
P_0000000005fd3350 .param/str "ADB4MUX" 0 2 715, "ADB4";
P_0000000005fd3388 .param/str "ADB5MUX" 0 2 714, "ADB5";
P_0000000005fd33c0 .param/str "ADB6MUX" 0 2 713, "ADB6";
P_0000000005fd33f8 .param/str "ADB7MUX" 0 2 712, "ADB7";
P_0000000005fd3430 .param/str "ADB8MUX" 0 2 711, "ADB8";
P_0000000005fd3468 .param/str "ADB9MUX" 0 2 710, "ADB9";
P_0000000005fd34a0 .param/str "ASYNC_RESET_RELEASE" 0 2 622, "SYNC";
P_0000000005fd34d8 .param/str "CEAMUX" 0 2 662, "CEA";
P_0000000005fd3510 .param/str "CEBMUX" 0 2 720, "CEB";
P_0000000005fd3548 .param/str "CLKAMUX" 0 2 664, "CLKA";
P_0000000005fd3580 .param/str "CLKBMUX" 0 2 722, "CLKB";
P_0000000005fd35b8 .param/str "CSA0MUX" 0 2 669, "CSA0";
P_0000000005fd35f0 .param/str "CSA1MUX" 0 2 668, "CSA1";
P_0000000005fd3628 .param/str "CSA2MUX" 0 2 667, "CSA2";
P_0000000005fd3660 .param/str "CSB0MUX" 0 2 727, "CSB0";
P_0000000005fd3698 .param/str "CSB1MUX" 0 2 726, "CSB1";
P_0000000005fd36d0 .param/str "CSB2MUX" 0 2 725, "CSB2";
P_0000000005fd3708 .param/str "CSDECODE_A" 0 2 624, "0b000";
P_0000000005fd3740 .param/str "CSDECODE_B" 0 2 625, "0b000";
P_0000000005fd3778 .param/l "DATA_WIDTH_A" 0 2 615, +C4<00000000000000000000000000010010>;
P_0000000005fd37b0 .param/l "DATA_WIDTH_B" 0 2 616, +C4<00000000000000000000000000010010>;
P_0000000005fd37e8 .param/str "DIA0MUX" 0 2 647, "DIA0";
P_0000000005fd3820 .param/str "DIA10MUX" 0 2 637, "DIA10";
P_0000000005fd3858 .param/str "DIA11MUX" 0 2 636, "DIA11";
P_0000000005fd3890 .param/str "DIA12MUX" 0 2 635, "DIA12";
P_0000000005fd38c8 .param/str "DIA13MUX" 0 2 634, "DIA13";
P_0000000005fd3900 .param/str "DIA14MUX" 0 2 633, "DIA14";
P_0000000005fd3938 .param/str "DIA15MUX" 0 2 632, "DIA15";
P_0000000005fd3970 .param/str "DIA16MUX" 0 2 631, "DIA16";
P_0000000005fd39a8 .param/str "DIA17MUX" 0 2 630, "DIA17";
P_0000000005fd39e0 .param/str "DIA1MUX" 0 2 646, "DIA1";
P_0000000005fd3a18 .param/str "DIA2MUX" 0 2 645, "DIA2";
P_0000000005fd3a50 .param/str "DIA3MUX" 0 2 644, "DIA3";
P_0000000005fd3a88 .param/str "DIA4MUX" 0 2 643, "DIA4";
P_0000000005fd3ac0 .param/str "DIA5MUX" 0 2 642, "DIA5";
P_0000000005fd3af8 .param/str "DIA6MUX" 0 2 641, "DIA6";
P_0000000005fd3b30 .param/str "DIA7MUX" 0 2 640, "DIA7";
P_0000000005fd3b68 .param/str "DIA8MUX" 0 2 639, "DIA8";
P_0000000005fd3ba0 .param/str "DIA9MUX" 0 2 638, "DIA9";
P_0000000005fd3bd8 .param/str "DIB0MUX" 0 2 705, "DIB0";
P_0000000005fd3c10 .param/str "DIB10MUX" 0 2 695, "DIB10";
P_0000000005fd3c48 .param/str "DIB11MUX" 0 2 694, "DIB11";
P_0000000005fd3c80 .param/str "DIB12MUX" 0 2 693, "DIB12";
P_0000000005fd3cb8 .param/str "DIB13MUX" 0 2 692, "DIB13";
P_0000000005fd3cf0 .param/str "DIB14MUX" 0 2 691, "DIB14";
P_0000000005fd3d28 .param/str "DIB15MUX" 0 2 690, "DIB15";
P_0000000005fd3d60 .param/str "DIB16MUX" 0 2 689, "DIB16";
P_0000000005fd3d98 .param/str "DIB17MUX" 0 2 688, "DIB17";
P_0000000005fd3dd0 .param/str "DIB1MUX" 0 2 704, "DIB1";
P_0000000005fd3e08 .param/str "DIB2MUX" 0 2 703, "DIB2";
P_0000000005fd3e40 .param/str "DIB3MUX" 0 2 702, "DIB3";
P_0000000005fd3e78 .param/str "DIB4MUX" 0 2 701, "DIB4";
P_0000000005fd3eb0 .param/str "DIB5MUX" 0 2 700, "DIB5";
P_0000000005fd3ee8 .param/str "DIB6MUX" 0 2 699, "DIB6";
P_0000000005fd3f20 .param/str "DIB7MUX" 0 2 698, "DIB7";
P_0000000005fd3f58 .param/str "DIB8MUX" 0 2 697, "DIB8";
P_0000000005fd3f90 .param/str "DIB9MUX" 0 2 696, "DIB9";
P_0000000005fd3fc8 .param/str "DOA0MUX" 0 2 687, "DOA0";
P_0000000005fd4000 .param/str "DOA10MUX" 0 2 677, "DOA10";
P_0000000005fd4038 .param/str "DOA11MUX" 0 2 676, "DOA11";
P_0000000005fd4070 .param/str "DOA12MUX" 0 2 675, "DOA12";
P_0000000005fd40a8 .param/str "DOA13MUX" 0 2 674, "DOA13";
P_0000000005fd40e0 .param/str "DOA14MUX" 0 2 673, "DOA14";
P_0000000005fd4118 .param/str "DOA15MUX" 0 2 672, "DOA15";
P_0000000005fd4150 .param/str "DOA16MUX" 0 2 671, "DOA16";
P_0000000005fd4188 .param/str "DOA17MUX" 0 2 670, "DOA17";
P_0000000005fd41c0 .param/str "DOA1MUX" 0 2 686, "DOA1";
P_0000000005fd41f8 .param/str "DOA2MUX" 0 2 685, "DOA2";
P_0000000005fd4230 .param/str "DOA3MUX" 0 2 684, "DOA3";
P_0000000005fd4268 .param/str "DOA4MUX" 0 2 683, "DOA4";
P_0000000005fd42a0 .param/str "DOA5MUX" 0 2 682, "DOA5";
P_0000000005fd42d8 .param/str "DOA6MUX" 0 2 681, "DOA6";
P_0000000005fd4310 .param/str "DOA7MUX" 0 2 680, "DOA7";
P_0000000005fd4348 .param/str "DOA8MUX" 0 2 679, "DOA8";
P_0000000005fd4380 .param/str "DOA9MUX" 0 2 678, "DOA9";
P_0000000005fd43b8 .param/str "DOB0MUX" 0 2 745, "DOB0";
P_0000000005fd43f0 .param/str "DOB10MUX" 0 2 735, "DOB10";
P_0000000005fd4428 .param/str "DOB11MUX" 0 2 734, "DOB11";
P_0000000005fd4460 .param/str "DOB12MUX" 0 2 733, "DOB12";
P_0000000005fd4498 .param/str "DOB13MUX" 0 2 732, "DOB13";
P_0000000005fd44d0 .param/str "DOB14MUX" 0 2 731, "DOB14";
P_0000000005fd4508 .param/str "DOB15MUX" 0 2 730, "DOB15";
P_0000000005fd4540 .param/str "DOB16MUX" 0 2 729, "DOB16";
P_0000000005fd4578 .param/str "DOB17MUX" 0 2 728, "DOB17";
P_0000000005fd45b0 .param/str "DOB1MUX" 0 2 744, "DOB1";
P_0000000005fd45e8 .param/str "DOB2MUX" 0 2 743, "DOB2";
P_0000000005fd4620 .param/str "DOB3MUX" 0 2 742, "DOB3";
P_0000000005fd4658 .param/str "DOB4MUX" 0 2 741, "DOB4";
P_0000000005fd4690 .param/str "DOB5MUX" 0 2 740, "DOB5";
P_0000000005fd46c8 .param/str "DOB6MUX" 0 2 739, "DOB6";
P_0000000005fd4700 .param/str "DOB7MUX" 0 2 738, "DOB7";
P_0000000005fd4738 .param/str "DOB8MUX" 0 2 737, "DOB8";
P_0000000005fd4770 .param/str "DOB9MUX" 0 2 736, "DOB9";
P_0000000005fd47a8 .param/str "GSR" 0 2 749, "ENABLED";
P_0000000005fd47e0 .param/l "INITVAL_00" 0 2 751, C4<00000000000000000000000000000000000000000000000000000000000000000000000000000000000000000000000000000000000000000000000000000000000000000000000000000000000000000000000000000000000000000000000000000000000000000000000000000000000000000000000000000000000000000000000000000000000000000000000000000000000000000000000000000000>;
P_0000000005fd4818 .param/l "INITVAL_01" 0 2 752, C4<00000000000000000000000000000000000000000000000000000000000000000000000000000000000000000000000000000000000000000000000000000000000000000000000000000000000000000000000000000000000000000000000000000000000000000000000000000000000000000000000000000000000000000000000000000000000000000000000000000000000000000000000000000000>;
P_0000000005fd4850 .param/l "INITVAL_02" 0 2 753, C4<00000000000000000000000000000000000000000000000000000000000000000000000000000000000000000000000000000000000000000000000000000000000000000000000000000000000000000000000000000000000000000000000000000000000000000000000000000000000000000000000000000000000000000000000000000000000000000000000000000000000000000000000000000000>;
P_0000000005fd4888 .param/l "INITVAL_03" 0 2 754, C4<00000000000000000000000000000000000000000000000000000000000000000000000000000000000000000000000000000000000000000000000000000000000000000000000000000000000000000000000000000000000000000000000000000000000000000000000000000000000000000000000000000000000000000000000000000000000000000000000000000000000000000000000000000000>;
P_0000000005fd48c0 .param/l "INITVAL_04" 0 2 755, C4<00000000000000000000000000000000000000000000000000000000000000000000000000000000000000000000000000000000000000000000000000000000000000000000000000000000000000000000000000000000000000000000000000000000000000000000000000000000000000000000000000000000000000000000000000000000000000000000000000000000000000000000000000000000>;
P_0000000005fd48f8 .param/l "INITVAL_05" 0 2 756, C4<00000000000000000000000000000000000000000000000000000000000000000000000000000000000000000000000000000000000000000000000000000000000000000000000000000000000000000000000000000000000000000000000000000000000000000000000000000000000000000000000000000000000000000000000000000000000000000000000000000000000000000000000000000000>;
P_0000000005fd4930 .param/l "INITVAL_06" 0 2 757, C4<00000000000000000000000000000000000000000000000000000000000000000000000000000000000000000000000000000000000000000000000000000000000000000000000000000000000000000000000000000000000000000000000000000000000000000000000000000000000000000000000000000000000000000000000000000000000000000000000000000000000000000000000000000000>;
P_0000000005fd4968 .param/l "INITVAL_07" 0 2 758, C4<00000000000000000000000000000000000000000000000000000000000000000000000000000000000000000000000000000000000000000000000000000000000000000000000000000000000000000000000000000000000000000000000000000000000000000000000000000000000000000000000000000000000000000000000000000000000000000000000000000000000000000000000000000000>;
P_0000000005fd49a0 .param/l "INITVAL_08" 0 2 759, C4<00000000000000000000000000000000000000000000000000000000000000000000000000000000000000000000000000000000000000000000000000000000000000000000000000000000000000000000000000000000000000000000000000000000000000000000000000000000000000000000000000000000000000000000000000000000000000000000000000000000000000000000000000000000>;
P_0000000005fd49d8 .param/l "INITVAL_09" 0 2 760, C4<00000000000000000000000000000000000000000000000000000000000000000000000000000000000000000000000000000000000000000000000000000000000000000000000000000000000000000000000000000000000000000000000000000000000000000000000000000000000000000000000000000000000000000000000000000000000000000000000000000000000000000000000000000000>;
P_0000000005fd4a10 .param/l "INITVAL_0A" 0 2 761, C4<00000000000000000000000000000000000000000000000000000000000000000000000000000000000000000000000000000000000000000000000000000000000000000000000000000000000000000000000000000000000000000000000000000000000000000000000000000000000000000000000000000000000000000000000000000000000000000000000000000000000000000000000000000000>;
P_0000000005fd4a48 .param/l "INITVAL_0B" 0 2 762, C4<00000000000000000000000000000000000000000000000000000000000000000000000000000000000000000000000000000000000000000000000000000000000000000000000000000000000000000000000000000000000000000000000000000000000000000000000000000000000000000000000000000000000000000000000000000000000000000000000000000000000000000000000000000000>;
P_0000000005fd4a80 .param/l "INITVAL_0C" 0 2 763, C4<00000000000000000000000000000000000000000000000000000000000000000000000000000000000000000000000000000000000000000000000000000000000000000000000000000000000000000000000000000000000000000000000000000000000000000000000000000000000000000000000000000000000000000000000000000000000000000000000000000000000000000000000000000000>;
P_0000000005fd4ab8 .param/l "INITVAL_0D" 0 2 764, C4<00000000000000000000000000000000000000000000000000000000000000000000000000000000000000000000000000000000000000000000000000000000000000000000000000000000000000000000000000000000000000000000000000000000000000000000000000000000000000000000000000000000000000000000000000000000000000000000000000000000000000000000000000000000>;
P_0000000005fd4af0 .param/l "INITVAL_0E" 0 2 765, C4<00000000000000000000000000000000000000000000000000000000000000000000000000000000000000000000000000000000000000000000000000000000000000000000000000000000000000000000000000000000000000000000000000000000000000000000000000000000000000000000000000000000000000000000000000000000000000000000000000000000000000000000000000000000>;
P_0000000005fd4b28 .param/l "INITVAL_0F" 0 2 766, C4<00000000000000000000000000000000000000000000000000000000000000000000000000000000000000000000000000000000000000000000000000000000000000000000000000000000000000000000000000000000000000000000000000000000000000000000000000000000000000000000000000000000000000000000000000000000000000000000000000000000000000000000000000000000>;
P_0000000005fd4b60 .param/l "INITVAL_10" 0 2 767, C4<00000000000000000000000000000000000000000000000000000000000000000000000000000000000000000000000000000000000000000000000000000000000000000000000000000000000000000000000000000000000000000000000000000000000000000000000000000000000000000000000000000000000000000000000000000000000000000000000000000000000000000000000000000000>;
P_0000000005fd4b98 .param/l "INITVAL_11" 0 2 768, C4<00000000000000000000000000000000000000000000000000000000000000000000000000000000000000000000000000000000000000000000000000000000000000000000000000000000000000000000000000000000000000000000000000000000000000000000000000000000000000000000000000000000000000000000000000000000000000000000000000000000000000000000000000000000>;
P_0000000005fd4bd0 .param/l "INITVAL_12" 0 2 769, C4<00000000000000000000000000000000000000000000000000000000000000000000000000000000000000000000000000000000000000000000000000000000000000000000000000000000000000000000000000000000000000000000000000000000000000000000000000000000000000000000000000000000000000000000000000000000000000000000000000000000000000000000000000000000>;
P_0000000005fd4c08 .param/l "INITVAL_13" 0 2 770, C4<00000000000000000000000000000000000000000000000000000000000000000000000000000000000000000000000000000000000000000000000000000000000000000000000000000000000000000000000000000000000000000000000000000000000000000000000000000000000000000000000000000000000000000000000000000000000000000000000000000000000000000000000000000000>;
P_0000000005fd4c40 .param/l "INITVAL_14" 0 2 771, C4<00000000000000000000000000000000000000000000000000000000000000000000000000000000000000000000000000000000000000000000000000000000000000000000000000000000000000000000000000000000000000000000000000000000000000000000000000000000000000000000000000000000000000000000000000000000000000000000000000000000000000000000000000000000>;
P_0000000005fd4c78 .param/l "INITVAL_15" 0 2 772, C4<00000000000000000000000000000000000000000000000000000000000000000000000000000000000000000000000000000000000000000000000000000000000000000000000000000000000000000000000000000000000000000000000000000000000000000000000000000000000000000000000000000000000000000000000000000000000000000000000000000000000000000000000000000000>;
P_0000000005fd4cb0 .param/l "INITVAL_16" 0 2 773, C4<00000000000000000000000000000000000000000000000000000000000000000000000000000000000000000000000000000000000000000000000000000000000000000000000000000000000000000000000000000000000000000000000000000000000000000000000000000000000000000000000000000000000000000000000000000000000000000000000000000000000000000000000000000000>;
P_0000000005fd4ce8 .param/l "INITVAL_17" 0 2 774, C4<00000000000000000000000000000000000000000000000000000000000000000000000000000000000000000000000000000000000000000000000000000000000000000000000000000000000000000000000000000000000000000000000000000000000000000000000000000000000000000000000000000000000000000000000000000000000000000000000000000000000000000000000000000000>;
P_0000000005fd4d20 .param/l "INITVAL_18" 0 2 775, C4<00000000000000000000000000000000000000000000000000000000000000000000000000000000000000000000000000000000000000000000000000000000000000000000000000000000000000000000000000000000000000000000000000000000000000000000000000000000000000000000000000000000000000000000000000000000000000000000000000000000000000000000000000000000>;
P_0000000005fd4d58 .param/l "INITVAL_19" 0 2 776, C4<00000000000000000000000000000000000000000000000000000000000000000000000000000000000000000000000000000000000000000000000000000000000000000000000000000000000000000000000000000000000000000000000000000000000000000000000000000000000000000000000000000000000000000000000000000000000000000000000000000000000000000000000000000000>;
P_0000000005fd4d90 .param/l "INITVAL_1A" 0 2 777, C4<00000000000000000000000000000000000000000000000000000000000000000000000000000000000000000000000000000000000000000000000000000000000000000000000000000000000000000000000000000000000000000000000000000000000000000000000000000000000000000000000000000000000000000000000000000000000000000000000000000000000000000000000000000000>;
P_0000000005fd4dc8 .param/l "INITVAL_1B" 0 2 778, C4<00000000000000000000000000000000000000000000000000000000000000000000000000000000000000000000000000000000000000000000000000000000000000000000000000000000000000000000000000000000000000000000000000000000000000000000000000000000000000000000000000000000000000000000000000000000000000000000000000000000000000000000000000000000>;
P_0000000005fd4e00 .param/l "INITVAL_1C" 0 2 779, C4<00000000000000000000000000000000000000000000000000000000000000000000000000000000000000000000000000000000000000000000000000000000000000000000000000000000000000000000000000000000000000000000000000000000000000000000000000000000000000000000000000000000000000000000000000000000000000000000000000000000000000000000000000000000>;
P_0000000005fd4e38 .param/l "INITVAL_1D" 0 2 780, C4<00000000000000000000000000000000000000000000000000000000000000000000000000000000000000000000000000000000000000000000000000000000000000000000000000000000000000000000000000000000000000000000000000000000000000000000000000000000000000000000000000000000000000000000000000000000000000000000000000000000000000000000000000000000>;
P_0000000005fd4e70 .param/l "INITVAL_1E" 0 2 781, C4<00000000000000000000000000000000000000000000000000000000000000000000000000000000000000000000000000000000000000000000000000000000000000000000000000000000000000000000000000000000000000000000000000000000000000000000000000000000000000000000000000000000000000000000000000000000000000000000000000000000000000000000000000000000>;
P_0000000005fd4ea8 .param/l "INITVAL_1F" 0 2 782, C4<00000000000000000000000000000000000000000000000000000000000000000000000000000000000000000000000000000000000000000000000000000000000000000000000000000000000000000000000000000000000000000000000000000000000000000000000000000000000000000000000000000000000000000000000000000000000000000000000000000000000000000000000000000000>;
P_0000000005fd4ee0 .param/l "INITVAL_20" 0 2 783, C4<00000000000000000000000000000000000000000000000000000000000000000000000000000000000000000000000000000000000000000000000000000000000000000000000000000000000000000000000000000000000000000000000000000000000000000000000000000000000000000000000000000000000000000000000000000000000000000000000000000000000000000000000000000000>;
P_0000000005fd4f18 .param/l "INITVAL_21" 0 2 784, C4<00000000000000000000000000000000000000000000000000000000000000000000000000000000000000000000000000000000000000000000000000000000000000000000000000000000000000000000000000000000000000000000000000000000000000000000000000000000000000000000000000000000000000000000000000000000000000000000000000000000000000000000000000000000>;
P_0000000005fd4f50 .param/l "INITVAL_22" 0 2 785, C4<00000000000000000000000000000000000000000000000000000000000000000000000000000000000000000000000000000000000000000000000000000000000000000000000000000000000000000000000000000000000000000000000000000000000000000000000000000000000000000000000000000000000000000000000000000000000000000000000000000000000000000000000000000000>;
P_0000000005fd4f88 .param/l "INITVAL_23" 0 2 786, C4<00000000000000000000000000000000000000000000000000000000000000000000000000000000000000000000000000000000000000000000000000000000000000000000000000000000000000000000000000000000000000000000000000000000000000000000000000000000000000000000000000000000000000000000000000000000000000000000000000000000000000000000000000000000>;
P_0000000005fd4fc0 .param/l "INITVAL_24" 0 2 787, C4<00000000000000000000000000000000000000000000000000000000000000000000000000000000000000000000000000000000000000000000000000000000000000000000000000000000000000000000000000000000000000000000000000000000000000000000000000000000000000000000000000000000000000000000000000000000000000000000000000000000000000000000000000000000>;
P_0000000005fd4ff8 .param/l "INITVAL_25" 0 2 788, C4<00000000000000000000000000000000000000000000000000000000000000000000000000000000000000000000000000000000000000000000000000000000000000000000000000000000000000000000000000000000000000000000000000000000000000000000000000000000000000000000000000000000000000000000000000000000000000000000000000000000000000000000000000000000>;
P_0000000005fd5030 .param/l "INITVAL_26" 0 2 789, C4<00000000000000000000000000000000000000000000000000000000000000000000000000000000000000000000000000000000000000000000000000000000000000000000000000000000000000000000000000000000000000000000000000000000000000000000000000000000000000000000000000000000000000000000000000000000000000000000000000000000000000000000000000000000>;
P_0000000005fd5068 .param/l "INITVAL_27" 0 2 790, C4<00000000000000000000000000000000000000000000000000000000000000000000000000000000000000000000000000000000000000000000000000000000000000000000000000000000000000000000000000000000000000000000000000000000000000000000000000000000000000000000000000000000000000000000000000000000000000000000000000000000000000000000000000000000>;
P_0000000005fd50a0 .param/l "INITVAL_28" 0 2 791, C4<00000000000000000000000000000000000000000000000000000000000000000000000000000000000000000000000000000000000000000000000000000000000000000000000000000000000000000000000000000000000000000000000000000000000000000000000000000000000000000000000000000000000000000000000000000000000000000000000000000000000000000000000000000000>;
P_0000000005fd50d8 .param/l "INITVAL_29" 0 2 792, C4<00000000000000000000000000000000000000000000000000000000000000000000000000000000000000000000000000000000000000000000000000000000000000000000000000000000000000000000000000000000000000000000000000000000000000000000000000000000000000000000000000000000000000000000000000000000000000000000000000000000000000000000000000000000>;
P_0000000005fd5110 .param/l "INITVAL_2A" 0 2 793, C4<00000000000000000000000000000000000000000000000000000000000000000000000000000000000000000000000000000000000000000000000000000000000000000000000000000000000000000000000000000000000000000000000000000000000000000000000000000000000000000000000000000000000000000000000000000000000000000000000000000000000000000000000000000000>;
P_0000000005fd5148 .param/l "INITVAL_2B" 0 2 794, C4<00000000000000000000000000000000000000000000000000000000000000000000000000000000000000000000000000000000000000000000000000000000000000000000000000000000000000000000000000000000000000000000000000000000000000000000000000000000000000000000000000000000000000000000000000000000000000000000000000000000000000000000000000000000>;
P_0000000005fd5180 .param/l "INITVAL_2C" 0 2 795, C4<00000000000000000000000000000000000000000000000000000000000000000000000000000000000000000000000000000000000000000000000000000000000000000000000000000000000000000000000000000000000000000000000000000000000000000000000000000000000000000000000000000000000000000000000000000000000000000000000000000000000000000000000000000000>;
P_0000000005fd51b8 .param/l "INITVAL_2D" 0 2 796, C4<00000000000000000000000000000000000000000000000000000000000000000000000000000000000000000000000000000000000000000000000000000000000000000000000000000000000000000000000000000000000000000000000000000000000000000000000000000000000000000000000000000000000000000000000000000000000000000000000000000000000000000000000000000000>;
P_0000000005fd51f0 .param/l "INITVAL_2E" 0 2 797, C4<00000000000000000000000000000000000000000000000000000000000000000000000000000000000000000000000000000000000000000000000000000000000000000000000000000000000000000000000000000000000000000000000000000000000000000000000000000000000000000000000000000000000000000000000000000000000000000000000000000000000000000000000000000000>;
P_0000000005fd5228 .param/l "INITVAL_2F" 0 2 798, C4<00000000000000000000000000000000000000000000000000000000000000000000000000000000000000000000000000000000000000000000000000000000000000000000000000000000000000000000000000000000000000000000000000000000000000000000000000000000000000000000000000000000000000000000000000000000000000000000000000000000000000000000000000000000>;
P_0000000005fd5260 .param/l "INITVAL_30" 0 2 799, C4<00000000000000000000000000000000000000000000000000000000000000000000000000000000000000000000000000000000000000000000000000000000000000000000000000000000000000000000000000000000000000000000000000000000000000000000000000000000000000000000000000000000000000000000000000000000000000000000000000000000000000000000000000000000>;
P_0000000005fd5298 .param/l "INITVAL_31" 0 2 800, C4<00000000000000000000000000000000000000000000000000000000000000000000000000000000000000000000000000000000000000000000000000000000000000000000000000000000000000000000000000000000000000000000000000000000000000000000000000000000000000000000000000000000000000000000000000000000000000000000000000000000000000000000000000000000>;
P_0000000005fd52d0 .param/l "INITVAL_32" 0 2 801, C4<00000000000000000000000000000000000000000000000000000000000000000000000000000000000000000000000000000000000000000000000000000000000000000000000000000000000000000000000000000000000000000000000000000000000000000000000000000000000000000000000000000000000000000000000000000000000000000000000000000000000000000000000000000000>;
P_0000000005fd5308 .param/l "INITVAL_33" 0 2 802, C4<00000000000000000000000000000000000000000000000000000000000000000000000000000000000000000000000000000000000000000000000000000000000000000000000000000000000000000000000000000000000000000000000000000000000000000000000000000000000000000000000000000000000000000000000000000000000000000000000000000000000000000000000000000000>;
P_0000000005fd5340 .param/l "INITVAL_34" 0 2 803, C4<00000000000000000000000000000000000000000000000000000000000000000000000000000000000000000000000000000000000000000000000000000000000000000000000000000000000000000000000000000000000000000000000000000000000000000000000000000000000000000000000000000000000000000000000000000000000000000000000000000000000000000000000000000000>;
P_0000000005fd5378 .param/l "INITVAL_35" 0 2 804, C4<00000000000000000000000000000000000000000000000000000000000000000000000000000000000000000000000000000000000000000000000000000000000000000000000000000000000000000000000000000000000000000000000000000000000000000000000000000000000000000000000000000000000000000000000000000000000000000000000000000000000000000000000000000000>;
P_0000000005fd53b0 .param/l "INITVAL_36" 0 2 805, C4<00000000000000000000000000000000000000000000000000000000000000000000000000000000000000000000000000000000000000000000000000000000000000000000000000000000000000000000000000000000000000000000000000000000000000000000000000000000000000000000000000000000000000000000000000000000000000000000000000000000000000000000000000000000>;
P_0000000005fd53e8 .param/l "INITVAL_37" 0 2 806, C4<00000000000000000000000000000000000000000000000000000000000000000000000000000000000000000000000000000000000000000000000000000000000000000000000000000000000000000000000000000000000000000000000000000000000000000000000000000000000000000000000000000000000000000000000000000000000000000000000000000000000000000000000000000000>;
P_0000000005fd5420 .param/l "INITVAL_38" 0 2 807, C4<00000000000000000000000000000000000000000000000000000000000000000000000000000000000000000000000000000000000000000000000000000000000000000000000000000000000000000000000000000000000000000000000000000000000000000000000000000000000000000000000000000000000000000000000000000000000000000000000000000000000000000000000000000000>;
P_0000000005fd5458 .param/l "INITVAL_39" 0 2 808, C4<00000000000000000000000000000000000000000000000000000000000000000000000000000000000000000000000000000000000000000000000000000000000000000000000000000000000000000000000000000000000000000000000000000000000000000000000000000000000000000000000000000000000000000000000000000000000000000000000000000000000000000000000000000000>;
P_0000000005fd5490 .param/l "INITVAL_3A" 0 2 809, C4<00000000000000000000000000000000000000000000000000000000000000000000000000000000000000000000000000000000000000000000000000000000000000000000000000000000000000000000000000000000000000000000000000000000000000000000000000000000000000000000000000000000000000000000000000000000000000000000000000000000000000000000000000000000>;
P_0000000005fd54c8 .param/l "INITVAL_3B" 0 2 810, C4<00000000000000000000000000000000000000000000000000000000000000000000000000000000000000000000000000000000000000000000000000000000000000000000000000000000000000000000000000000000000000000000000000000000000000000000000000000000000000000000000000000000000000000000000000000000000000000000000000000000000000000000000000000000>;
P_0000000005fd5500 .param/l "INITVAL_3C" 0 2 811, C4<00000000000000000000000000000000000000000000000000000000000000000000000000000000000000000000000000000000000000000000000000000000000000000000000000000000000000000000000000000000000000000000000000000000000000000000000000000000000000000000000000000000000000000000000000000000000000000000000000000000000000000000000000000000>;
P_0000000005fd5538 .param/l "INITVAL_3D" 0 2 812, C4<00000000000000000000000000000000000000000000000000000000000000000000000000000000000000000000000000000000000000000000000000000000000000000000000000000000000000000000000000000000000000000000000000000000000000000000000000000000000000000000000000000000000000000000000000000000000000000000000000000000000000000000000000000000>;
P_0000000005fd5570 .param/l "INITVAL_3E" 0 2 813, C4<00000000000000000000000000000000000000000000000000000000000000000000000000000000000000000000000000000000000000000000000000000000000000000000000000000000000000000000000000000000000000000000000000000000000000000000000000000000000000000000000000000000000000000000000000000000000000000000000000000000000000000000000000000000>;
P_0000000005fd55a8 .param/l "INITVAL_3F" 0 2 814, C4<00000000000000000000000000000000000000000000000000000000000000000000000000000000000000000000000000000000000000000000000000000000000000000000000000000000000000000000000000000000000000000000000000000000000000000000000000000000000000000000000000000000000000000000000000000000000000000000000000000000000000000000000000000000>;
P_0000000005fd55e0 .param/str "OCEAMUX" 0 2 663, "OCEA";
P_0000000005fd5618 .param/str "OCEBMUX" 0 2 721, "OCEB";
P_0000000005fd5650 .param/str "REGMODE_A" 0 2 618, "NOREG";
P_0000000005fd5688 .param/str "REGMODE_B" 0 2 619, "NOREG";
P_0000000005fd56c0 .param/str "RESETMODE" 0 2 621, "SYNC";
P_0000000005fd56f8 .param/str "RSTAMUX" 0 2 666, "RSTA";
P_0000000005fd5730 .param/str "RSTBMUX" 0 2 724, "RSTB";
P_0000000005fd5768 .param/str "WEAMUX" 0 2 665, "WEA";
P_0000000005fd57a0 .param/str "WEBMUX" 0 2 723, "WEB";
P_0000000005fd57d8 .param/l "WID" 0 2 747, +C4<00000000000000000000000000000000>;
P_0000000005fd5810 .param/str "WRITEMODE_A" 0 2 627, "NORMAL";
P_0000000005fd5848 .param/str "WRITEMODE_B" 0 2 628, "NORMAL";
o0000000005fe2df8 .functor BUFZ 1, C4<z>; HiZ drive
v0000000005fcd3f0_0 .net "ADA0", 0 0, o0000000005fe2df8;  0 drivers
o0000000005fe2e28 .functor BUFZ 1, C4<z>; HiZ drive
v0000000005fccbd0_0 .net "ADA1", 0 0, o0000000005fe2e28;  0 drivers
o0000000005fe2e58 .functor BUFZ 1, C4<z>; HiZ drive
v0000000005fccdb0_0 .net "ADA10", 0 0, o0000000005fe2e58;  0 drivers
o0000000005fe2e88 .functor BUFZ 1, C4<z>; HiZ drive
v0000000005fcce50_0 .net "ADA11", 0 0, o0000000005fe2e88;  0 drivers
o0000000005fe2eb8 .functor BUFZ 1, C4<z>; HiZ drive
v0000000005fccd10_0 .net "ADA12", 0 0, o0000000005fe2eb8;  0 drivers
o0000000005fe2ee8 .functor BUFZ 1, C4<z>; HiZ drive
v0000000005fccf90_0 .net "ADA13", 0 0, o0000000005fe2ee8;  0 drivers
o0000000005fe2f18 .functor BUFZ 1, C4<z>; HiZ drive
v0000000005fcd670_0 .net "ADA2", 0 0, o0000000005fe2f18;  0 drivers
o0000000005fe2f48 .functor BUFZ 1, C4<z>; HiZ drive
v0000000005fcd030_0 .net "ADA3", 0 0, o0000000005fe2f48;  0 drivers
o0000000005fe2f78 .functor BUFZ 1, C4<z>; HiZ drive
v0000000005fcd210_0 .net "ADA4", 0 0, o0000000005fe2f78;  0 drivers
o0000000005fe2fa8 .functor BUFZ 1, C4<z>; HiZ drive
v0000000005fcd0d0_0 .net "ADA5", 0 0, o0000000005fe2fa8;  0 drivers
o0000000005fe2fd8 .functor BUFZ 1, C4<z>; HiZ drive
v0000000005fcd170_0 .net "ADA6", 0 0, o0000000005fe2fd8;  0 drivers
o0000000005fe3008 .functor BUFZ 1, C4<z>; HiZ drive
v0000000005fcd490_0 .net "ADA7", 0 0, o0000000005fe3008;  0 drivers
o0000000005fe3038 .functor BUFZ 1, C4<z>; HiZ drive
v0000000005fcd850_0 .net "ADA8", 0 0, o0000000005fe3038;  0 drivers
o0000000005fe3068 .functor BUFZ 1, C4<z>; HiZ drive
v0000000005fcd5d0_0 .net "ADA9", 0 0, o0000000005fe3068;  0 drivers
o0000000005fe3098 .functor BUFZ 1, C4<z>; HiZ drive
v0000000005fcd710_0 .net "ADB0", 0 0, o0000000005fe3098;  0 drivers
o0000000005fe30c8 .functor BUFZ 1, C4<z>; HiZ drive
v0000000005fcda30_0 .net "ADB1", 0 0, o0000000005fe30c8;  0 drivers
o0000000005fe30f8 .functor BUFZ 1, C4<z>; HiZ drive
v0000000005f04480_0 .net "ADB10", 0 0, o0000000005fe30f8;  0 drivers
o0000000005fe3128 .functor BUFZ 1, C4<z>; HiZ drive
v000000000603b500_0 .net "ADB11", 0 0, o0000000005fe3128;  0 drivers
o0000000005fe3158 .functor BUFZ 1, C4<z>; HiZ drive
v000000000603ad80_0 .net "ADB12", 0 0, o0000000005fe3158;  0 drivers
o0000000005fe3188 .functor BUFZ 1, C4<z>; HiZ drive
v000000000603a880_0 .net "ADB13", 0 0, o0000000005fe3188;  0 drivers
o0000000005fe31b8 .functor BUFZ 1, C4<z>; HiZ drive
v000000000603b320_0 .net "ADB2", 0 0, o0000000005fe31b8;  0 drivers
o0000000005fe31e8 .functor BUFZ 1, C4<z>; HiZ drive
v000000000603b1e0_0 .net "ADB3", 0 0, o0000000005fe31e8;  0 drivers
o0000000005fe3218 .functor BUFZ 1, C4<z>; HiZ drive
v000000000603a240_0 .net "ADB4", 0 0, o0000000005fe3218;  0 drivers
o0000000005fe3248 .functor BUFZ 1, C4<z>; HiZ drive
v000000000603a420_0 .net "ADB5", 0 0, o0000000005fe3248;  0 drivers
o0000000005fe3278 .functor BUFZ 1, C4<z>; HiZ drive
v000000000603a920_0 .net "ADB6", 0 0, o0000000005fe3278;  0 drivers
o0000000005fe32a8 .functor BUFZ 1, C4<z>; HiZ drive
v000000000603a4c0_0 .net "ADB7", 0 0, o0000000005fe32a8;  0 drivers
o0000000005fe32d8 .functor BUFZ 1, C4<z>; HiZ drive
v000000000603a9c0_0 .net "ADB8", 0 0, o0000000005fe32d8;  0 drivers
o0000000005fe3308 .functor BUFZ 1, C4<z>; HiZ drive
v000000000603a2e0_0 .net "ADB9", 0 0, o0000000005fe3308;  0 drivers
o0000000005fe3338 .functor BUFZ 1, C4<z>; HiZ drive
v000000000603b140_0 .net "CEA", 0 0, o0000000005fe3338;  0 drivers
o0000000005fe3368 .functor BUFZ 1, C4<z>; HiZ drive
v000000000603a060_0 .net "CEB", 0 0, o0000000005fe3368;  0 drivers
o0000000005fe3398 .functor BUFZ 1, C4<z>; HiZ drive
v000000000603a380_0 .net "CLKA", 0 0, o0000000005fe3398;  0 drivers
o0000000005fe33c8 .functor BUFZ 1, C4<z>; HiZ drive
v000000000603ba00_0 .net "CLKB", 0 0, o0000000005fe33c8;  0 drivers
o0000000005fe33f8 .functor BUFZ 1, C4<z>; HiZ drive
v000000000603aba0_0 .net "CSA0", 0 0, o0000000005fe33f8;  0 drivers
o0000000005fe3428 .functor BUFZ 1, C4<z>; HiZ drive
v000000000603b820_0 .net "CSA1", 0 0, o0000000005fe3428;  0 drivers
o0000000005fe3458 .functor BUFZ 1, C4<z>; HiZ drive
v000000000603a740_0 .net "CSA2", 0 0, o0000000005fe3458;  0 drivers
o0000000005fe3488 .functor BUFZ 1, C4<z>; HiZ drive
v000000000603b3c0_0 .net "CSB0", 0 0, o0000000005fe3488;  0 drivers
o0000000005fe34b8 .functor BUFZ 1, C4<z>; HiZ drive
v000000000603a560_0 .net "CSB1", 0 0, o0000000005fe34b8;  0 drivers
o0000000005fe34e8 .functor BUFZ 1, C4<z>; HiZ drive
v000000000603af60_0 .net "CSB2", 0 0, o0000000005fe34e8;  0 drivers
o0000000005fe3518 .functor BUFZ 1, C4<z>; HiZ drive
v000000000603bc80_0 .net "DIA0", 0 0, o0000000005fe3518;  0 drivers
o0000000005fe3548 .functor BUFZ 1, C4<z>; HiZ drive
v000000000603a600_0 .net "DIA1", 0 0, o0000000005fe3548;  0 drivers
o0000000005fe3578 .functor BUFZ 1, C4<z>; HiZ drive
v000000000603a1a0_0 .net "DIA10", 0 0, o0000000005fe3578;  0 drivers
o0000000005fe35a8 .functor BUFZ 1, C4<z>; HiZ drive
v000000000603a6a0_0 .net "DIA11", 0 0, o0000000005fe35a8;  0 drivers
o0000000005fe35d8 .functor BUFZ 1, C4<z>; HiZ drive
v000000000603a7e0_0 .net "DIA12", 0 0, o0000000005fe35d8;  0 drivers
o0000000005fe3608 .functor BUFZ 1, C4<z>; HiZ drive
v000000000603aa60_0 .net "DIA13", 0 0, o0000000005fe3608;  0 drivers
o0000000005fe3638 .functor BUFZ 1, C4<z>; HiZ drive
v000000000603ab00_0 .net "DIA14", 0 0, o0000000005fe3638;  0 drivers
o0000000005fe3668 .functor BUFZ 1, C4<z>; HiZ drive
v000000000603ac40_0 .net "DIA15", 0 0, o0000000005fe3668;  0 drivers
o0000000005fe3698 .functor BUFZ 1, C4<z>; HiZ drive
v000000000603ae20_0 .net "DIA16", 0 0, o0000000005fe3698;  0 drivers
o0000000005fe36c8 .functor BUFZ 1, C4<z>; HiZ drive
v000000000603baa0_0 .net "DIA17", 0 0, o0000000005fe36c8;  0 drivers
o0000000005fe36f8 .functor BUFZ 1, C4<z>; HiZ drive
v000000000603b6e0_0 .net "DIA2", 0 0, o0000000005fe36f8;  0 drivers
o0000000005fe3728 .functor BUFZ 1, C4<z>; HiZ drive
v000000000603ace0_0 .net "DIA3", 0 0, o0000000005fe3728;  0 drivers
o0000000005fe3758 .functor BUFZ 1, C4<z>; HiZ drive
v000000000603bd20_0 .net "DIA4", 0 0, o0000000005fe3758;  0 drivers
o0000000005fe3788 .functor BUFZ 1, C4<z>; HiZ drive
v000000000603aec0_0 .net "DIA5", 0 0, o0000000005fe3788;  0 drivers
o0000000005fe37b8 .functor BUFZ 1, C4<z>; HiZ drive
v000000000603b000_0 .net "DIA6", 0 0, o0000000005fe37b8;  0 drivers
o0000000005fe37e8 .functor BUFZ 1, C4<z>; HiZ drive
v000000000603b0a0_0 .net "DIA7", 0 0, o0000000005fe37e8;  0 drivers
o0000000005fe3818 .functor BUFZ 1, C4<z>; HiZ drive
v000000000603b280_0 .net "DIA8", 0 0, o0000000005fe3818;  0 drivers
o0000000005fe3848 .functor BUFZ 1, C4<z>; HiZ drive
v000000000603bdc0_0 .net "DIA9", 0 0, o0000000005fe3848;  0 drivers
o0000000005fe3878 .functor BUFZ 1, C4<z>; HiZ drive
v000000000603b460_0 .net "DIB0", 0 0, o0000000005fe3878;  0 drivers
o0000000005fe38a8 .functor BUFZ 1, C4<z>; HiZ drive
v000000000603b5a0_0 .net "DIB1", 0 0, o0000000005fe38a8;  0 drivers
o0000000005fe38d8 .functor BUFZ 1, C4<z>; HiZ drive
v000000000603b640_0 .net "DIB10", 0 0, o0000000005fe38d8;  0 drivers
o0000000005fe3908 .functor BUFZ 1, C4<z>; HiZ drive
v000000000603be60_0 .net "DIB11", 0 0, o0000000005fe3908;  0 drivers
o0000000005fe3938 .functor BUFZ 1, C4<z>; HiZ drive
v000000000603bb40_0 .net "DIB12", 0 0, o0000000005fe3938;  0 drivers
o0000000005fe3968 .functor BUFZ 1, C4<z>; HiZ drive
v000000000603b780_0 .net "DIB13", 0 0, o0000000005fe3968;  0 drivers
o0000000005fe3998 .functor BUFZ 1, C4<z>; HiZ drive
v000000000603b8c0_0 .net "DIB14", 0 0, o0000000005fe3998;  0 drivers
o0000000005fe39c8 .functor BUFZ 1, C4<z>; HiZ drive
v000000000603bf00_0 .net "DIB15", 0 0, o0000000005fe39c8;  0 drivers
o0000000005fe39f8 .functor BUFZ 1, C4<z>; HiZ drive
v000000000603b960_0 .net "DIB16", 0 0, o0000000005fe39f8;  0 drivers
o0000000005fe3a28 .functor BUFZ 1, C4<z>; HiZ drive
v000000000603bbe0_0 .net "DIB17", 0 0, o0000000005fe3a28;  0 drivers
o0000000005fe3a58 .functor BUFZ 1, C4<z>; HiZ drive
v000000000603a100_0 .net "DIB2", 0 0, o0000000005fe3a58;  0 drivers
o0000000005fe3a88 .functor BUFZ 1, C4<z>; HiZ drive
v000000000603c750_0 .net "DIB3", 0 0, o0000000005fe3a88;  0 drivers
o0000000005fe3ab8 .functor BUFZ 1, C4<z>; HiZ drive
v000000000603c930_0 .net "DIB4", 0 0, o0000000005fe3ab8;  0 drivers
o0000000005fe3ae8 .functor BUFZ 1, C4<z>; HiZ drive
v000000000603cc50_0 .net "DIB5", 0 0, o0000000005fe3ae8;  0 drivers
o0000000005fe3b18 .functor BUFZ 1, C4<z>; HiZ drive
v000000000603ccf0_0 .net "DIB6", 0 0, o0000000005fe3b18;  0 drivers
o0000000005fe3b48 .functor BUFZ 1, C4<z>; HiZ drive
v000000000603c250_0 .net "DIB7", 0 0, o0000000005fe3b48;  0 drivers
o0000000005fe3b78 .functor BUFZ 1, C4<z>; HiZ drive
v000000000603c070_0 .net "DIB8", 0 0, o0000000005fe3b78;  0 drivers
o0000000005fe3ba8 .functor BUFZ 1, C4<z>; HiZ drive
v000000000603d010_0 .net "DIB9", 0 0, o0000000005fe3ba8;  0 drivers
o0000000005fe3bd8 .functor BUFZ 1, C4<z>; HiZ drive
v000000000603df10_0 .net "DOA0", 0 0, o0000000005fe3bd8;  0 drivers
o0000000005fe3c08 .functor BUFZ 1, C4<z>; HiZ drive
v000000000603d330_0 .net "DOA1", 0 0, o0000000005fe3c08;  0 drivers
o0000000005fe3c38 .functor BUFZ 1, C4<z>; HiZ drive
v000000000603d830_0 .net "DOA10", 0 0, o0000000005fe3c38;  0 drivers
o0000000005fe3c68 .functor BUFZ 1, C4<z>; HiZ drive
v000000000603c390_0 .net "DOA11", 0 0, o0000000005fe3c68;  0 drivers
o0000000005fe3c98 .functor BUFZ 1, C4<z>; HiZ drive
v000000000603c110_0 .net "DOA12", 0 0, o0000000005fe3c98;  0 drivers
o0000000005fe3cc8 .functor BUFZ 1, C4<z>; HiZ drive
v000000000603d470_0 .net "DOA13", 0 0, o0000000005fe3cc8;  0 drivers
o0000000005fe3cf8 .functor BUFZ 1, C4<z>; HiZ drive
v000000000603c1b0_0 .net "DOA14", 0 0, o0000000005fe3cf8;  0 drivers
o0000000005fe3d28 .functor BUFZ 1, C4<z>; HiZ drive
v000000000603c7f0_0 .net "DOA15", 0 0, o0000000005fe3d28;  0 drivers
o0000000005fe3d58 .functor BUFZ 1, C4<z>; HiZ drive
v000000000603d3d0_0 .net "DOA16", 0 0, o0000000005fe3d58;  0 drivers
o0000000005fe3d88 .functor BUFZ 1, C4<z>; HiZ drive
v000000000603ddd0_0 .net "DOA17", 0 0, o0000000005fe3d88;  0 drivers
o0000000005fe3db8 .functor BUFZ 1, C4<z>; HiZ drive
v000000000603c9d0_0 .net "DOA2", 0 0, o0000000005fe3db8;  0 drivers
o0000000005fe3de8 .functor BUFZ 1, C4<z>; HiZ drive
v000000000603d0b0_0 .net "DOA3", 0 0, o0000000005fe3de8;  0 drivers
o0000000005fe3e18 .functor BUFZ 1, C4<z>; HiZ drive
v000000000603c2f0_0 .net "DOA4", 0 0, o0000000005fe3e18;  0 drivers
o0000000005fe3e48 .functor BUFZ 1, C4<z>; HiZ drive
v000000000603d8d0_0 .net "DOA5", 0 0, o0000000005fe3e48;  0 drivers
o0000000005fe3e78 .functor BUFZ 1, C4<z>; HiZ drive
v000000000603c430_0 .net "DOA6", 0 0, o0000000005fe3e78;  0 drivers
o0000000005fe3ea8 .functor BUFZ 1, C4<z>; HiZ drive
v000000000603da10_0 .net "DOA7", 0 0, o0000000005fe3ea8;  0 drivers
o0000000005fe3ed8 .functor BUFZ 1, C4<z>; HiZ drive
v000000000603de70_0 .net "DOA8", 0 0, o0000000005fe3ed8;  0 drivers
o0000000005fe3f08 .functor BUFZ 1, C4<z>; HiZ drive
v000000000603c4d0_0 .net "DOA9", 0 0, o0000000005fe3f08;  0 drivers
o0000000005fe3f38 .functor BUFZ 1, C4<z>; HiZ drive
v000000000603cd90_0 .net "DOB0", 0 0, o0000000005fe3f38;  0 drivers
o0000000005fe3f68 .functor BUFZ 1, C4<z>; HiZ drive
v000000000603cb10_0 .net "DOB1", 0 0, o0000000005fe3f68;  0 drivers
o0000000005fe3f98 .functor BUFZ 1, C4<z>; HiZ drive
v000000000603d150_0 .net "DOB10", 0 0, o0000000005fe3f98;  0 drivers
o0000000005fe3fc8 .functor BUFZ 1, C4<z>; HiZ drive
v000000000603c610_0 .net "DOB11", 0 0, o0000000005fe3fc8;  0 drivers
o0000000005fe3ff8 .functor BUFZ 1, C4<z>; HiZ drive
v000000000603c570_0 .net "DOB12", 0 0, o0000000005fe3ff8;  0 drivers
o0000000005fe4028 .functor BUFZ 1, C4<z>; HiZ drive
v000000000603c6b0_0 .net "DOB13", 0 0, o0000000005fe4028;  0 drivers
o0000000005fe4058 .functor BUFZ 1, C4<z>; HiZ drive
v000000000603c890_0 .net "DOB14", 0 0, o0000000005fe4058;  0 drivers
o0000000005fe4088 .functor BUFZ 1, C4<z>; HiZ drive
v000000000603ca70_0 .net "DOB15", 0 0, o0000000005fe4088;  0 drivers
o0000000005fe40b8 .functor BUFZ 1, C4<z>; HiZ drive
v000000000603d1f0_0 .net "DOB16", 0 0, o0000000005fe40b8;  0 drivers
o0000000005fe40e8 .functor BUFZ 1, C4<z>; HiZ drive
v000000000603dc90_0 .net "DOB17", 0 0, o0000000005fe40e8;  0 drivers
o0000000005fe4118 .functor BUFZ 1, C4<z>; HiZ drive
v000000000603ce30_0 .net "DOB2", 0 0, o0000000005fe4118;  0 drivers
o0000000005fe4148 .functor BUFZ 1, C4<z>; HiZ drive
v000000000603d290_0 .net "DOB3", 0 0, o0000000005fe4148;  0 drivers
o0000000005fe4178 .functor BUFZ 1, C4<z>; HiZ drive
v000000000603d650_0 .net "DOB4", 0 0, o0000000005fe4178;  0 drivers
o0000000005fe41a8 .functor BUFZ 1, C4<z>; HiZ drive
v000000000603cbb0_0 .net "DOB5", 0 0, o0000000005fe41a8;  0 drivers
o0000000005fe41d8 .functor BUFZ 1, C4<z>; HiZ drive
v000000000603ced0_0 .net "DOB6", 0 0, o0000000005fe41d8;  0 drivers
o0000000005fe4208 .functor BUFZ 1, C4<z>; HiZ drive
v000000000603cf70_0 .net "DOB7", 0 0, o0000000005fe4208;  0 drivers
o0000000005fe4238 .functor BUFZ 1, C4<z>; HiZ drive
v000000000603d510_0 .net "DOB8", 0 0, o0000000005fe4238;  0 drivers
o0000000005fe4268 .functor BUFZ 1, C4<z>; HiZ drive
v000000000603dd30_0 .net "DOB9", 0 0, o0000000005fe4268;  0 drivers
o0000000005fe4298 .functor BUFZ 1, C4<z>; HiZ drive
v000000000603d5b0_0 .net "OCEA", 0 0, o0000000005fe4298;  0 drivers
o0000000005fe42c8 .functor BUFZ 1, C4<z>; HiZ drive
v000000000603d6f0_0 .net "OCEB", 0 0, o0000000005fe42c8;  0 drivers
o0000000005fe42f8 .functor BUFZ 1, C4<z>; HiZ drive
v000000000603d790_0 .net "RSTA", 0 0, o0000000005fe42f8;  0 drivers
o0000000005fe4328 .functor BUFZ 1, C4<z>; HiZ drive
v000000000603d970_0 .net "RSTB", 0 0, o0000000005fe4328;  0 drivers
o0000000005fe4358 .functor BUFZ 1, C4<z>; HiZ drive
v000000000603dab0_0 .net "WEA", 0 0, o0000000005fe4358;  0 drivers
o0000000005fe4388 .functor BUFZ 1, C4<z>; HiZ drive
v000000000603db50_0 .net "WEB", 0 0, o0000000005fe4388;  0 drivers
S_0000000005e82b60 .scope module, "DPR16X4C" "DPR16X4C" 2 236;
 .timescale 0 0;
    .port_info 0 /INPUT 4 "DI";
    .port_info 1 /INPUT 1 "WCK";
    .port_info 2 /INPUT 1 "WRE";
    .port_info 3 /INPUT 4 "RAD";
    .port_info 4 /INPUT 4 "WAD";
    .port_info 5 /OUTPUT 4 "DO";
P_0000000005ea9a00 .param/str "INITVAL" 0 2 245, "0x0000000000000000";
P_0000000005ea9a38 .param/l "conv_initval" 1 2 275, C4<0000000000000000000000000000000000000000000000000000000000000000>;
L_0000000005fcfeb0 .functor BUFZ 4, L_00000000060482f0, C4<0000>, C4<0000>, C4<0000>;
o0000000005fe5a98 .functor BUFZ 4, C4<zzzz>; HiZ drive
v000000000603e800_0 .net "DI", 3 0, o0000000005fe5a98;  0 drivers
v000000000603e620_0 .net "DO", 3 0, L_0000000005fcfeb0;  1 drivers
o0000000005fe5af8 .functor BUFZ 4, C4<zzzz>; HiZ drive
v000000000603f8e0_0 .net "RAD", 3 0, o0000000005fe5af8;  0 drivers
o0000000005fe5b28 .functor BUFZ 4, C4<zzzz>; HiZ drive
v000000000603e1c0_0 .net "WAD", 3 0, o0000000005fe5b28;  0 drivers
o0000000005fe5b58 .functor BUFZ 1, C4<z>; HiZ drive
v000000000603f660_0 .net "WCK", 0 0, o0000000005fe5b58;  0 drivers
o0000000005fe5b88 .functor BUFZ 1, C4<z>; HiZ drive
v000000000603e300_0 .net "WRE", 0 0, o0000000005fe5b88;  0 drivers
v000000000603fac0_0 .net *"_ivl_0", 3 0, L_00000000060482f0;  1 drivers
v000000000603e260_0 .net *"_ivl_2", 5 0, L_0000000006047f30;  1 drivers
L_0000000006049098 .functor BUFT 1, C4<00>, C4<0>, C4<0>, C4<0>;
v000000000603e6c0_0 .net *"_ivl_5", 1 0, L_0000000006049098;  1 drivers
v000000000603fa20_0 .var/i "i", 31 0;
v000000000603fb60 .array "ram", 15 0, 3 0;
E_0000000005fc48b0 .event posedge, v000000000603f660_0;
L_00000000060482f0 .array/port v000000000603fb60, L_0000000006047f30;
L_0000000006047f30 .concat [ 4 2 0 0], o0000000005fe5af8, L_0000000006049098;
S_0000000005ebe490 .scope function.vec4.s64, "convert_initval" "convert_initval" 2 247, 2 247 0, S_0000000005e82b60;
 .timescale 0 0;
v000000000603dbf0_0 .var "char", 7 0;
; Variable convert_initval is vec4 return value of scope S_0000000005ebe490
v000000000603fe80_0 .var "done", 0 0;
v000000000603ee40_0 .var "hex_initval", 143 0;
v000000000603f160_0 .var/i "i", 31 0;
v000000000603f3e0_0 .var "temp", 63 0;
TD_DPR16X4C.convert_initval ;
    %pushi/vec4 0, 0, 1;
    %store/vec4 v000000000603fe80_0, 0, 1;
    %pushi/vec4 0, 0, 64;
    %store/vec4 v000000000603f3e0_0, 0, 64;
    %pushi/vec4 0, 0, 32;
    %store/vec4 v000000000603f160_0, 0, 32;
T_0.0 ;
    %load/vec4 v000000000603f160_0;
    %cmpi/s 16, 0, 32;
    %jmp/0xz T_0.1, 5;
    %load/vec4 v000000000603fe80_0;
    %nor/r;
    %flag_set/vec4 8;
    %jmp/0xz  T_0.2, 8;
    %load/vec4 v000000000603ee40_0;
    %load/vec4 v000000000603f160_0;
    %muli 8, 0, 32;
    %part/s 8;
    %store/vec4 v000000000603dbf0_0, 0, 8;
    %load/vec4 v000000000603dbf0_0;
    %pushi/vec4 120, 0, 8; draw_string_vec4
    %cmp/e;
    %jmp/0xz  T_0.4, 4;
    %pushi/vec4 1, 0, 1;
    %store/vec4 v000000000603fe80_0, 0, 1;
    %jmp T_0.5;
T_0.4 ;
    %pushi/vec4 48, 0, 8; draw_string_vec4
    %load/vec4 v000000000603dbf0_0;
    %cmp/u;
    %flag_get/vec4 4;
    %flag_get/vec4 5;
    %or;
    %load/vec4 v000000000603dbf0_0;
    %pushi/vec4 57, 0, 8; draw_string_vec4
    %cmp/u;
    %flag_get/vec4 4;
    %flag_get/vec4 5;
    %or;
    %and;
    %flag_set/vec4 8;
    %jmp/0xz  T_0.6, 8;
    %load/vec4 v000000000603dbf0_0;
    %pushi/vec4 48, 0, 8; draw_string_vec4
    %sub;
    %pad/u 4;
    %load/vec4 v000000000603f160_0;
    %muli 4, 0, 32;
    %ix/vec4/s 4;
    %store/vec4 v000000000603f3e0_0, 4, 4;
    %jmp T_0.7;
T_0.6 ;
    %pushi/vec4 65, 0, 8; draw_string_vec4
    %load/vec4 v000000000603dbf0_0;
    %cmp/u;
    %flag_get/vec4 4;
    %flag_get/vec4 5;
    %or;
    %load/vec4 v000000000603dbf0_0;
    %pushi/vec4 70, 0, 8; draw_string_vec4
    %cmp/u;
    %flag_get/vec4 4;
    %flag_get/vec4 5;
    %or;
    %and;
    %flag_set/vec4 8;
    %jmp/0xz  T_0.8, 8;
    %pushi/vec4 10, 0, 8;
    %load/vec4 v000000000603dbf0_0;
    %add;
    %pushi/vec4 65, 0, 8; draw_string_vec4
    %sub;
    %pad/u 4;
    %load/vec4 v000000000603f160_0;
    %muli 4, 0, 32;
    %ix/vec4/s 4;
    %store/vec4 v000000000603f3e0_0, 4, 4;
    %jmp T_0.9;
T_0.8 ;
    %pushi/vec4 97, 0, 8; draw_string_vec4
    %load/vec4 v000000000603dbf0_0;
    %cmp/u;
    %flag_get/vec4 4;
    %flag_get/vec4 5;
    %or;
    %load/vec4 v000000000603dbf0_0;
    %pushi/vec4 102, 0, 8; draw_string_vec4
    %cmp/u;
    %flag_get/vec4 4;
    %flag_get/vec4 5;
    %or;
    %and;
    %flag_set/vec4 8;
    %jmp/0xz  T_0.10, 8;
    %pushi/vec4 10, 0, 8;
    %load/vec4 v000000000603dbf0_0;
    %add;
    %pushi/vec4 97, 0, 8; draw_string_vec4
    %sub;
    %pad/u 4;
    %load/vec4 v000000000603f160_0;
    %muli 4, 0, 32;
    %ix/vec4/s 4;
    %store/vec4 v000000000603f3e0_0, 4, 4;
T_0.10 ;
T_0.9 ;
T_0.7 ;
T_0.5 ;
T_0.2 ;
    %load/vec4 v000000000603f160_0;
    %addi 1, 0, 32;
    %store/vec4 v000000000603f160_0, 0, 32;
    %jmp T_0.0;
T_0.1 ;
    %load/vec4 v000000000603f3e0_0;
    %ret/vec4 0, 0, 64;  Assign to convert_initval (store_vec4_to_lval)
    %end;
S_0000000005e82cf0 .scope module, "INV" "INV" 2 422;
 .timescale 0 0;
    .port_info 0 /INPUT 1 "A";
    .port_info 1 /OUTPUT 1 "Z";
o0000000005fe5d98 .functor BUFZ 1, C4<z>; HiZ drive
v000000000603eee0_0 .net "A", 0 0, o0000000005fe5d98;  0 drivers
v000000000603ef80_0 .net "Z", 0 0, L_00000000060473f0;  1 drivers
L_00000000060473f0 .reduce/nor o0000000005fe5d98;
S_0000000005e82e80 .scope module, "TRELLIS_DPR16X4" "TRELLIS_DPR16X4" 2 190;
 .timescale 0 0;
    .port_info 0 /INPUT 4 "DI";
    .port_info 1 /INPUT 4 "WAD";
    .port_info 2 /INPUT 1 "WRE";
    .port_info 3 /INPUT 1 "WCK";
    .port_info 4 /INPUT 4 "RAD";
    .port_info 5 /OUTPUT 4 "DO";
P_0000000005eb1ee0 .param/l "INITVAL" 0 2 200, C4<0000000000000000000000000000000000000000000000000000000000000000>;
P_0000000005eb1f18 .param/str "WCKMUX" 0 2 198, "WCK";
P_0000000005eb1f50 .param/str "WREMUX" 0 2 199, "WRE";
o0000000005fe5f18 .functor BUFZ 1, C4<z>; HiZ drive
L_0000000005fd01c0 .functor BUFZ 1, o0000000005fe5f18, C4<0>, C4<0>, C4<0>;
L_0000000005fd05b0 .functor BUFZ 4, L_0000000006048570, C4<0000>, C4<0000>, C4<0000>;
o0000000005fe5e58 .functor BUFZ 4, C4<zzzz>; HiZ drive
v000000000603e3a0_0 .net "DI", 3 0, o0000000005fe5e58;  0 drivers
v000000000603e4e0_0 .net "DO", 3 0, L_0000000005fd05b0;  1 drivers
o0000000005fe5eb8 .functor BUFZ 4, C4<zzzz>; HiZ drive
v000000000603fc00_0 .net "RAD", 3 0, o0000000005fe5eb8;  0 drivers
o0000000005fe5ee8 .functor BUFZ 4, C4<zzzz>; HiZ drive
v000000000603e120_0 .net "WAD", 3 0, o0000000005fe5ee8;  0 drivers
v000000000603ec60_0 .net "WCK", 0 0, o0000000005fe5f18;  0 drivers
o0000000005fe5f48 .functor BUFZ 1, C4<z>; HiZ drive
v000000000603e440_0 .net "WRE", 0 0, o0000000005fe5f48;  0 drivers
v000000000603e580_0 .net *"_ivl_2", 3 0, L_0000000006048570;  1 drivers
v000000000603eda0_0 .net *"_ivl_4", 5 0, L_0000000006047fd0;  1 drivers
L_00000000060490e0 .functor BUFT 1, C4<00>, C4<0>, C4<0>, C4<0>;
v000000000603f200_0 .net *"_ivl_7", 1 0, L_00000000060490e0;  1 drivers
v000000000603f5c0_0 .var/i "i", 31 0;
v000000000603f7a0 .array "mem", 0 15, 3 0;
v000000000603f700_0 .net "muxwck", 0 0, L_0000000005fd01c0;  1 drivers
v000000000603ed00_0 .var "muxwre", 0 0;
E_0000000005fc3df0 .event posedge, v000000000603f700_0;
E_0000000005fc3ef0 .event anyedge, v000000000603e440_0;
L_0000000006048570 .array/port v000000000603f7a0, L_0000000006047fd0;
L_0000000006047fd0 .concat [ 4 2 0 0], o0000000005fe5eb8, L_00000000060490e0;
S_0000000005ee4cb0 .scope module, "TRELLIS_IO" "TRELLIS_IO" 2 393;
 .timescale 0 0;
    .port_info 0 /INOUT 1 "B";
    .port_info 1 /INPUT 1 "I";
    .port_info 2 /INPUT 1 "T";
    .port_info 3 /OUTPUT 1 "O";
P_0000000005fc4070 .param/str "DIR" 0 2 399, "INPUT";
o0000000005fe61b8 .functor BUFZ 1, C4<z>; HiZ drive
v000000000603e940_0 .net "B", 0 0, o0000000005fe61b8;  0 drivers
o0000000005fe61e8 .functor BUFZ 1, C4<z>; HiZ drive
v000000000603f980_0 .net "I", 0 0, o0000000005fe61e8;  0 drivers
v000000000603e760_0 .net "O", 0 0, L_0000000005fd0d20;  1 drivers
o0000000005fe6248 .functor BUFZ 1, C4<z>; HiZ drive
v000000000603fca0_0 .net "T", 0 0, o0000000005fe6248;  0 drivers
v000000000603f480_0 .var "T_pd", 0 0;
E_0000000005fc4330 .event anyedge, v000000000603fca0_0;
S_0000000005ed2710 .scope generate, "genblk1" "genblk1" 2 404, 2 404 0, S_0000000005ee4cb0;
 .timescale 0 0;
L_0000000005fd0d20 .functor BUFZ 1, o0000000005fe61b8, C4<0>, C4<0>, C4<0>;
S_0000000005ee4e40 .scope module, "TRELLIS_SLICE" "TRELLIS_SLICE" 2 428;
 .timescale 0 0;
    .port_info 0 /INPUT 1 "A0";
    .port_info 1 /INPUT 1 "B0";
    .port_info 2 /INPUT 1 "C0";
    .port_info 3 /INPUT 1 "D0";
    .port_info 4 /INPUT 1 "A1";
    .port_info 5 /INPUT 1 "B1";
    .port_info 6 /INPUT 1 "C1";
    .port_info 7 /INPUT 1 "D1";
    .port_info 8 /INPUT 1 "M0";
    .port_info 9 /INPUT 1 "M1";
    .port_info 10 /INPUT 1 "FCI";
    .port_info 11 /INPUT 1 "FXA";
    .port_info 12 /INPUT 1 "FXB";
    .port_info 13 /INPUT 1 "CLK";
    .port_info 14 /INPUT 1 "LSR";
    .port_info 15 /INPUT 1 "CE";
    .port_info 16 /INPUT 1 "DI0";
    .port_info 17 /INPUT 1 "DI1";
    .port_info 18 /INPUT 1 "WD0";
    .port_info 19 /INPUT 1 "WD1";
    .port_info 20 /INPUT 1 "WAD0";
    .port_info 21 /INPUT 1 "WAD1";
    .port_info 22 /INPUT 1 "WAD2";
    .port_info 23 /INPUT 1 "WAD3";
    .port_info 24 /INPUT 1 "WRE";
    .port_info 25 /INPUT 1 "WCK";
    .port_info 26 /OUTPUT 1 "F0";
    .port_info 27 /OUTPUT 1 "Q0";
    .port_info 28 /OUTPUT 1 "F1";
    .port_info 29 /OUTPUT 1 "Q1";
    .port_info 30 /OUTPUT 1 "FCO";
    .port_info 31 /OUTPUT 1 "OFX0";
    .port_info 32 /OUTPUT 1 "OFX1";
    .port_info 33 /OUTPUT 1 "WDO0";
    .port_info 34 /OUTPUT 1 "WDO1";
    .port_info 35 /OUTPUT 1 "WDO2";
    .port_info 36 /OUTPUT 1 "WDO3";
    .port_info 37 /OUTPUT 1 "WADO0";
    .port_info 38 /OUTPUT 1 "WADO1";
    .port_info 39 /OUTPUT 1 "WADO2";
    .port_info 40 /OUTPUT 1 "WADO3";
P_0000000005fdf030 .param/str "A0MUX" 0 2 468, "A0";
P_0000000005fdf068 .param/str "A1MUX" 0 2 469, "A1";
P_0000000005fdf0a0 .param/str "B0MUX" 0 2 470, "B0";
P_0000000005fdf0d8 .param/str "B1MUX" 0 2 471, "B1";
P_0000000005fdf110 .param/str "C0MUX" 0 2 472, "C0";
P_0000000005fdf148 .param/str "C1MUX" 0 2 473, "C1";
P_0000000005fdf180 .param/str "CCU2_INJECT1_0" 0 2 463, "\000\000\000\000\000\000\000\000\000\000\000\000\000\000NO";
P_0000000005fdf1b8 .param/str "CCU2_INJECT1_1" 0 2 464, "\000\000\000\000\000\000\000\000\000\000\000\000\000\000NO";
P_0000000005fdf1f0 .param/str "CEMUX" 0 2 452, "\000\000\000\000\000\000\000\000\000\000\000\000\000\000\0001";
P_0000000005fdf228 .param/str "CLKMUX" 0 2 453, "CLK";
P_0000000005fdf260 .param/str "D0MUX" 0 2 474, "D0";
P_0000000005fdf298 .param/str "D1MUX" 0 2 475, "D1";
P_0000000005fdf2d0 .param/str "GSR" 0 2 450, "ENABLED";
P_0000000005fdf308 .param/str "LSRMUX" 0 2 454, "LSR";
P_0000000005fdf340 .param/l "LUT0_INITVAL" 0 2 455, C4<0000000000000000>;
P_0000000005fdf378 .param/l "LUT1_INITVAL" 0 2 456, C4<0000000000000000>;
P_0000000005fdf3b0 .param/str "MODE" 0 2 449, "LOGIC";
P_0000000005fdf3e8 .param/str "REG0_LSRMODE" 0 2 461, "LSR";
P_0000000005fdf420 .param/str "REG0_REGSET" 0 2 459, "RESET";
P_0000000005fdf458 .param/str "REG0_SD" 0 2 457, "0";
P_0000000005fdf490 .param/str "REG1_LSRMODE" 0 2 462, "LSR";
P_0000000005fdf4c8 .param/str "REG1_REGSET" 0 2 460, "RESET";
P_0000000005fdf500 .param/str "REG1_SD" 0 2 458, "0";
P_0000000005fdf538 .param/str "SRMODE" 0 2 451, "LSR_OVER_CE";
P_0000000005fdf570 .param/str "WCKMUX" 0 2 466, "WCK";
P_0000000005fdf5a8 .param/str "WREMUX" 0 2 465, "WRE";
o0000000005fe6428 .functor BUFZ 1, C4<z>; HiZ drive
L_0000000005fd0850 .functor BUFZ 1, o0000000005fe6428, C4<0>, C4<0>, C4<0>;
o0000000005fe6698 .functor BUFZ 1, C4<z>; HiZ drive
L_0000000005fd0930 .functor BUFZ 1, o0000000005fe6698, C4<0>, C4<0>, C4<0>;
o0000000005fe7388 .functor BUFZ 1, C4<z>; HiZ drive
v0000000006042900_0 .net "A0", 0 0, o0000000005fe7388;  0 drivers
v0000000006046e20_0 .net "A0m", 0 0, L_0000000005fd0d90;  1 drivers
o0000000005fe73b8 .functor BUFZ 1, C4<z>; HiZ drive
v0000000006046ec0_0 .net "A1", 0 0, o0000000005fe73b8;  0 drivers
v0000000006045520_0 .net "A1m", 0 0, L_0000000005fd0620;  1 drivers
o0000000005fe73e8 .functor BUFZ 1, C4<z>; HiZ drive
v00000000060453e0_0 .net "B0", 0 0, o0000000005fe73e8;  0 drivers
v00000000060462e0_0 .net "B0m", 0 0, L_0000000005fcff20;  1 drivers
o0000000005fe7418 .functor BUFZ 1, C4<z>; HiZ drive
v00000000060467e0_0 .net "B1", 0 0, o0000000005fe7418;  0 drivers
v0000000006045340_0 .net "B1m", 0 0, L_0000000005fd0070;  1 drivers
o0000000005fe7448 .functor BUFZ 1, C4<z>; HiZ drive
v0000000006046f60_0 .net "C0", 0 0, o0000000005fe7448;  0 drivers
v0000000006046740_0 .net "C0m", 0 0, L_0000000005fcff90;  1 drivers
o0000000005fe7478 .functor BUFZ 1, C4<z>; HiZ drive
v00000000060458e0_0 .net "C1", 0 0, o0000000005fe7478;  0 drivers
v0000000006045f20_0 .net "C1m", 0 0, L_0000000005fd02a0;  1 drivers
o0000000005fe6368 .functor BUFZ 1, C4<z>; HiZ drive
v00000000060469c0_0 .net "CE", 0 0, o0000000005fe6368;  0 drivers
o0000000005fe6398 .functor BUFZ 1, C4<z>; HiZ drive
v00000000060466a0_0 .net "CLK", 0 0, o0000000005fe6398;  0 drivers
o0000000005fe74a8 .functor BUFZ 1, C4<z>; HiZ drive
v0000000006046ce0_0 .net "D0", 0 0, o0000000005fe74a8;  0 drivers
v00000000060450c0_0 .net "D0m", 0 0, L_0000000005fd0000;  1 drivers
o0000000005fe74d8 .functor BUFZ 1, C4<z>; HiZ drive
v00000000060461a0_0 .net "D1", 0 0, o0000000005fe74d8;  0 drivers
v0000000006045160_0 .net "D1m", 0 0, L_0000000005fd00e0;  1 drivers
o0000000005fe7508 .functor BUFZ 1, C4<z>; HiZ drive
v0000000006046880_0 .net "DI0", 0 0, o0000000005fe7508;  0 drivers
o0000000005fe7538 .functor BUFZ 1, C4<z>; HiZ drive
v0000000006046b00_0 .net "DI1", 0 0, o0000000005fe7538;  0 drivers
v0000000006045200_0 .net "F0", 0 0, L_00000000060481b0;  1 drivers
v0000000006045980_0 .net "F1", 0 0, L_0000000006048d90;  1 drivers
o0000000005fe7568 .functor BUFZ 1, C4<z>; HiZ drive
v0000000006045840_0 .net "FCI", 0 0, o0000000005fe7568;  0 drivers
o0000000005fe7598 .functor BUFZ 1, C4<z>; HiZ drive
v0000000006045d40_0 .net "FCO", 0 0, o0000000005fe7598;  0 drivers
o0000000005fe71a8 .functor BUFZ 1, C4<z>; HiZ drive
v0000000006045480_0 .net "FXA", 0 0, o0000000005fe71a8;  0 drivers
o0000000005fe71d8 .functor BUFZ 1, C4<z>; HiZ drive
v0000000006046d80_0 .net "FXB", 0 0, o0000000005fe71d8;  0 drivers
o0000000005fe63f8 .functor BUFZ 1, C4<z>; HiZ drive
v00000000060452a0_0 .net "LSR", 0 0, o0000000005fe63f8;  0 drivers
v0000000006046ba0_0 .net "M0", 0 0, o0000000005fe6428;  0 drivers
v0000000006046c40_0 .net "M1", 0 0, o0000000005fe6698;  0 drivers
v0000000006045c00_0 .net "OFX0", 0 0, L_0000000006047670;  1 drivers
v0000000006046920_0 .net "OFX1", 0 0, L_0000000006047cb0;  1 drivers
v0000000006045700_0 .net "Q0", 0 0, v000000000603f0c0_0;  1 drivers
v0000000006046240_0 .net "Q1", 0 0, v0000000006041d20_0;  1 drivers
o0000000005fe75c8 .functor BUFZ 1, C4<z>; HiZ drive
v00000000060455c0_0 .net "WAD0", 0 0, o0000000005fe75c8;  0 drivers
o0000000005fe75f8 .functor BUFZ 1, C4<z>; HiZ drive
v0000000006045660_0 .net "WAD1", 0 0, o0000000005fe75f8;  0 drivers
o0000000005fe7628 .functor BUFZ 1, C4<z>; HiZ drive
v00000000060457a0_0 .net "WAD2", 0 0, o0000000005fe7628;  0 drivers
o0000000005fe7658 .functor BUFZ 1, C4<z>; HiZ drive
v0000000006045a20_0 .net "WAD3", 0 0, o0000000005fe7658;  0 drivers
o0000000005fe7688 .functor BUFZ 1, C4<z>; HiZ drive
v0000000006045ac0_0 .net "WADO0", 0 0, o0000000005fe7688;  0 drivers
o0000000005fe76b8 .functor BUFZ 1, C4<z>; HiZ drive
v0000000006046380_0 .net "WADO1", 0 0, o0000000005fe76b8;  0 drivers
o0000000005fe76e8 .functor BUFZ 1, C4<z>; HiZ drive
v0000000006046a60_0 .net "WADO2", 0 0, o0000000005fe76e8;  0 drivers
o0000000005fe7718 .functor BUFZ 1, C4<z>; HiZ drive
v0000000006045b60_0 .net "WADO3", 0 0, o0000000005fe7718;  0 drivers
o0000000005fe7748 .functor BUFZ 1, C4<z>; HiZ drive
v0000000006046420_0 .net "WCK", 0 0, o0000000005fe7748;  0 drivers
o0000000005fe7778 .functor BUFZ 1, C4<z>; HiZ drive
v0000000006045ca0_0 .net "WD0", 0 0, o0000000005fe7778;  0 drivers
o0000000005fe77a8 .functor BUFZ 1, C4<z>; HiZ drive
v0000000006045de0_0 .net "WD1", 0 0, o0000000005fe77a8;  0 drivers
o0000000005fe77d8 .functor BUFZ 1, C4<z>; HiZ drive
v00000000060464c0_0 .net "WDO0", 0 0, o0000000005fe77d8;  0 drivers
o0000000005fe7808 .functor BUFZ 1, C4<z>; HiZ drive
v0000000006046560_0 .net "WDO1", 0 0, o0000000005fe7808;  0 drivers
o0000000005fe7838 .functor BUFZ 1, C4<z>; HiZ drive
v0000000006046600_0 .net "WDO2", 0 0, o0000000005fe7838;  0 drivers
o0000000005fe7868 .functor BUFZ 1, C4<z>; HiZ drive
v0000000006045e80_0 .net "WDO3", 0 0, o0000000005fe7868;  0 drivers
o0000000005fe7898 .functor BUFZ 1, C4<z>; HiZ drive
v0000000006045fc0_0 .net "WRE", 0 0, o0000000005fe7898;  0 drivers
v0000000006046060_0 .net "muxdi0", 0 0, L_0000000005fd0850;  1 drivers
v0000000006046100_0 .net "muxdi1", 0 0, L_0000000005fd0930;  1 drivers
S_0000000005ed28a0 .scope module, "ff_0" "TRELLIS_FF" 2 581, 2 311 0, S_0000000005ee4e40;
 .timescale 0 0;
    .port_info 0 /INPUT 1 "CLK";
    .port_info 1 /INPUT 1 "LSR";
    .port_info 2 /INPUT 1 "CE";
    .port_info 3 /INPUT 1 "DI";
    .port_info 4 /INPUT 1 "M";
    .port_info 5 /OUTPUT 1 "Q";
P_0000000005ed2a30 .param/str "CEMUX" 0 2 313, "\000\000\000\000\000\000\000\000\000\000\000\000\000\000\0001";
P_0000000005ed2a68 .param/str "CLKMUX" 0 2 314, "CLK";
P_0000000005ed2aa0 .param/str "GSR" 0 2 312, "ENABLED";
P_0000000005ed2ad8 .param/l "LSRMODE" 0 2 318, C4<00000000000000000000000000000000000000000000000000000000000000000000000000000000000000000000000000000000010011000101001101010010>;
P_0000000005ed2b10 .param/str "LSRMUX" 0 2 315, "LSR";
P_0000000005ed2b48 .param/str "REGSET" 0 2 317, "RESET";
P_0000000005ed2b80 .param/str "SRMODE" 0 2 316, "LSR_OVER_CE";
L_0000000005fd03f0 .functor BUFZ 1, o0000000005fe63f8, C4<0>, C4<0>, C4<0>;
L_0000000005fd04d0 .functor BUFZ 1, o0000000005fe6398, C4<0>, C4<0>, C4<0>;
v000000000603fd40_0 .net "CE", 0 0, o0000000005fe6368;  alias, 0 drivers
v000000000603f020_0 .net "CLK", 0 0, o0000000005fe6398;  alias, 0 drivers
v000000000603fde0_0 .net "DI", 0 0, L_0000000005fd0850;  alias, 1 drivers
v000000000603e080_0 .net "LSR", 0 0, o0000000005fe63f8;  alias, 0 drivers
v000000000603f2a0_0 .net "M", 0 0, o0000000005fe6428;  alias, 0 drivers
v000000000603f0c0_0 .var "Q", 0 0;
L_0000000006049248 .functor BUFT 1, C4<1>, C4<0>, C4<0>, C4<0>;
v000000000603e8a0_0 .net "muxce", 0 0, L_0000000006049248;  1 drivers
v000000000603f520_0 .net "muxclk", 0 0, L_0000000005fd04d0;  1 drivers
v000000000603f340_0 .net "muxlsr", 0 0, L_0000000005fd03f0;  1 drivers
L_0000000006049290 .functor BUFT 1, C4<0>, C4<0>, C4<0>, C4<0>;
v000000000603e9e0_0 .net "srval", 0 0, L_0000000006049290;  1 drivers
S_0000000005ebf770 .scope generate, "genblk1" "genblk1" 2 322, 2 322 0, S_0000000005ed28a0;
 .timescale 0 0;
S_0000000005ebf900 .scope generate, "genblk3" "genblk3" 2 334, 2 334 0, S_0000000005ed28a0;
 .timescale 0 0;
S_0000000005ebfa90 .scope generate, "genblk5" "genblk5" 2 343, 2 343 0, S_0000000005ed28a0;
 .timescale 0 0;
E_0000000005fc3d70 .event posedge, v000000000603f520_0;
S_00000000060409f0 .scope generate, "genblk7" "genblk7" 2 360, 2 360 0, S_0000000005ed28a0;
 .timescale 0 0;
S_0000000006040d10 .scope module, "ff_1" "TRELLIS_FF" 2 594, 2 311 0, S_0000000005ee4e40;
 .timescale 0 0;
    .port_info 0 /INPUT 1 "CLK";
    .port_info 1 /INPUT 1 "LSR";
    .port_info 2 /INPUT 1 "CE";
    .port_info 3 /INPUT 1 "DI";
    .port_info 4 /INPUT 1 "M";
    .port_info 5 /OUTPUT 1 "Q";
P_0000000006040090 .param/str "CEMUX" 0 2 313, "\000\000\000\000\000\000\000\000\000\000\000\000\000\000\0001";
P_00000000060400c8 .param/str "CLKMUX" 0 2 314, "CLK";
P_0000000006040100 .param/str "GSR" 0 2 312, "ENABLED";
P_0000000006040138 .param/l "LSRMODE" 0 2 318, C4<00000000000000000000000000000000000000000000000000000000000000000000000000000000000000000000000000000000010011000101001101010010>;
P_0000000006040170 .param/str "LSRMUX" 0 2 315, "LSR";
P_00000000060401a8 .param/str "REGSET" 0 2 317, "RESET";
P_00000000060401e0 .param/str "SRMODE" 0 2 316, "LSR_OVER_CE";
L_0000000005fd0230 .functor BUFZ 1, o0000000005fe63f8, C4<0>, C4<0>, C4<0>;
L_0000000005fd0540 .functor BUFZ 1, o0000000005fe6398, C4<0>, C4<0>, C4<0>;
v000000000603ebc0_0 .net "CE", 0 0, o0000000005fe6368;  alias, 0 drivers
v000000000603ea80_0 .net "CLK", 0 0, o0000000005fe6398;  alias, 0 drivers
v000000000603eb20_0 .net "DI", 0 0, L_0000000005fd0930;  alias, 1 drivers
v000000000603f840_0 .net "LSR", 0 0, o0000000005fe63f8;  alias, 0 drivers
v0000000006042ae0_0 .net "M", 0 0, o0000000005fe6698;  alias, 0 drivers
v0000000006041d20_0 .var "Q", 0 0;
L_00000000060492d8 .functor BUFT 1, C4<1>, C4<0>, C4<0>, C4<0>;
v0000000006042720_0 .net "muxce", 0 0, L_00000000060492d8;  1 drivers
v00000000060415a0_0 .net "muxclk", 0 0, L_0000000005fd0540;  1 drivers
v00000000060429a0_0 .net "muxlsr", 0 0, L_0000000005fd0230;  1 drivers
L_0000000006049320 .functor BUFT 1, C4<0>, C4<0>, C4<0>, C4<0>;
v0000000006041640_0 .net "srval", 0 0, L_0000000006049320;  1 drivers
S_0000000006040ea0 .scope generate, "genblk1" "genblk1" 2 322, 2 322 0, S_0000000006040d10;
 .timescale 0 0;
S_0000000006040860 .scope generate, "genblk3" "genblk3" 2 334, 2 334 0, S_0000000006040d10;
 .timescale 0 0;
S_0000000006040220 .scope generate, "genblk5" "genblk5" 2 343, 2 343 0, S_0000000006040d10;
 .timescale 0 0;
E_0000000005fc4630 .event posedge, v00000000060415a0_0;
S_0000000006040540 .scope generate, "genblk7" "genblk7" 2 360, 2 360 0, S_0000000006040d10;
 .timescale 0 0;
S_0000000006040b80 .scope generate, "genblk10" "genblk10" 2 485, 2 485 0, S_0000000005ee4e40;
 .timescale 0 0;
L_0000000005fd0620 .functor BUFZ 1, o0000000005fe73b8, C4<0>, C4<0>, C4<0>;
S_00000000060403b0 .scope generate, "genblk12" "genblk12" 2 486, 2 486 0, S_0000000005ee4e40;
 .timescale 0 0;
L_0000000005fd0070 .functor BUFZ 1, o0000000005fe7418, C4<0>, C4<0>, C4<0>;
S_00000000060406d0 .scope generate, "genblk14" "genblk14" 2 487, 2 487 0, S_0000000005ee4e40;
 .timescale 0 0;
L_0000000005fd02a0 .functor BUFZ 1, o0000000005fe7478, C4<0>, C4<0>, C4<0>;
S_00000000060436f0 .scope generate, "genblk16" "genblk16" 2 488, 2 488 0, S_0000000005ee4e40;
 .timescale 0 0;
L_0000000005fd00e0 .functor BUFZ 1, o0000000005fe74d8, C4<0>, C4<0>, C4<0>;
S_0000000006044b40 .scope generate, "genblk17" "genblk17" 2 503, 2 503 0, S_0000000005ee4e40;
 .timescale 0 0;
S_0000000006044cd0 .scope module, "lut4_0" "LUT4" 2 507, 2 4 0, S_0000000006044b40;
 .timescale 0 0;
    .port_info 0 /INPUT 1 "A";
    .port_info 1 /INPUT 1 "B";
    .port_info 2 /INPUT 1 "C";
    .port_info 3 /INPUT 1 "D";
    .port_info 4 /OUTPUT 1 "Z";
P_0000000005fc45f0 .param/l "INIT" 0 2 5, C4<0000000000000000>;
v0000000006042a40_0 .net "A", 0 0, L_0000000005fd0d90;  alias, 1 drivers
v0000000006041780_0 .net "B", 0 0, L_0000000005fcff20;  alias, 1 drivers
v00000000060410a0_0 .net "C", 0 0, L_0000000005fcff90;  alias, 1 drivers
v0000000006042540_0 .net "D", 0 0, L_0000000005fd0000;  alias, 1 drivers
v0000000006041140_0 .net "Z", 0 0, L_00000000060481b0;  alias, 1 drivers
L_0000000006049128 .functor BUFT 1, C4<00000000>, C4<0>, C4<0>, C4<0>;
v0000000006042040_0 .net/2u *"_ivl_0", 7 0, L_0000000006049128;  1 drivers
v00000000060411e0_0 .net *"_ivl_13", 1 0, L_0000000006048cf0;  1 drivers
v0000000006042f40_0 .net *"_ivl_15", 1 0, L_00000000060489d0;  1 drivers
v0000000006041dc0_0 .net *"_ivl_19", 0 0, L_00000000060475d0;  1 drivers
L_0000000006049170 .functor BUFT 1, C4<00000000>, C4<0>, C4<0>, C4<0>;
v0000000006042d60_0 .net/2u *"_ivl_2", 7 0, L_0000000006049170;  1 drivers
v0000000006042b80_0 .net *"_ivl_21", 0 0, L_0000000006047490;  1 drivers
v0000000006042860_0 .net *"_ivl_7", 3 0, L_0000000006048110;  1 drivers
v0000000006041320_0 .net *"_ivl_9", 3 0, L_0000000006047850;  1 drivers
v00000000060413c0_0 .net "s1", 1 0, L_0000000006047b70;  1 drivers
v0000000006041460_0 .net "s2", 3 0, L_00000000060470d0;  1 drivers
v0000000006042cc0_0 .net "s3", 7 0, L_0000000006048390;  1 drivers
L_0000000006048390 .functor MUXZ 8, L_0000000006049170, L_0000000006049128, L_0000000005fd0000, C4<>;
L_0000000006048110 .part L_0000000006048390, 4, 4;
L_0000000006047850 .part L_0000000006048390, 0, 4;
L_00000000060470d0 .functor MUXZ 4, L_0000000006047850, L_0000000006048110, L_0000000005fcff90, C4<>;
L_0000000006048cf0 .part L_00000000060470d0, 2, 2;
L_00000000060489d0 .part L_00000000060470d0, 0, 2;
L_0000000006047b70 .functor MUXZ 2, L_00000000060489d0, L_0000000006048cf0, L_0000000005fcff20, C4<>;
L_00000000060475d0 .part L_0000000006047b70, 1, 1;
L_0000000006047490 .part L_0000000006047b70, 0, 1;
L_00000000060481b0 .functor MUXZ 1, L_0000000006047490, L_00000000060475d0, L_0000000005fd0d90, C4<>;
S_0000000006044820 .scope module, "lut4_1" "LUT4" 2 513, 2 4 0, S_0000000006044b40;
 .timescale 0 0;
    .port_info 0 /INPUT 1 "A";
    .port_info 1 /INPUT 1 "B";
    .port_info 2 /INPUT 1 "C";
    .port_info 3 /INPUT 1 "D";
    .port_info 4 /OUTPUT 1 "Z";
P_0000000005fc5770 .param/l "INIT" 0 2 5, C4<0000000000000000>;
v00000000060425e0_0 .net "A", 0 0, L_0000000005fd0620;  alias, 1 drivers
v00000000060416e0_0 .net "B", 0 0, L_0000000005fd0070;  alias, 1 drivers
v0000000006041820_0 .net "C", 0 0, L_0000000005fd02a0;  alias, 1 drivers
v0000000006042c20_0 .net "D", 0 0, L_0000000005fd00e0;  alias, 1 drivers
v0000000006041a00_0 .net "Z", 0 0, L_0000000006048d90;  alias, 1 drivers
L_00000000060491b8 .functor BUFT 1, C4<00000000>, C4<0>, C4<0>, C4<0>;
v0000000006041500_0 .net/2u *"_ivl_0", 7 0, L_00000000060491b8;  1 drivers
v00000000060420e0_0 .net *"_ivl_13", 1 0, L_0000000006047c10;  1 drivers
v00000000060418c0_0 .net *"_ivl_15", 1 0, L_0000000006048bb0;  1 drivers
v0000000006042e00_0 .net *"_ivl_19", 0 0, L_0000000006047a30;  1 drivers
L_0000000006049200 .functor BUFT 1, C4<00000000>, C4<0>, C4<0>, C4<0>;
v0000000006042ea0_0 .net/2u *"_ivl_2", 7 0, L_0000000006049200;  1 drivers
v0000000006042680_0 .net *"_ivl_21", 0 0, L_0000000006047ad0;  1 drivers
v0000000006042360_0 .net *"_ivl_7", 3 0, L_0000000006048610;  1 drivers
v0000000006041280_0 .net *"_ivl_9", 3 0, L_0000000006048b10;  1 drivers
v0000000006041960_0 .net "s1", 1 0, L_0000000006048c50;  1 drivers
v0000000006041f00_0 .net "s2", 3 0, L_0000000006048070;  1 drivers
v0000000006041aa0_0 .net "s3", 7 0, L_0000000006048250;  1 drivers
L_0000000006048250 .functor MUXZ 8, L_0000000006049200, L_00000000060491b8, L_0000000005fd00e0, C4<>;
L_0000000006048610 .part L_0000000006048250, 4, 4;
L_0000000006048b10 .part L_0000000006048250, 0, 4;
L_0000000006048070 .functor MUXZ 4, L_0000000006048b10, L_0000000006048610, L_0000000005fd02a0, C4<>;
L_0000000006047c10 .part L_0000000006048070, 2, 2;
L_0000000006048bb0 .part L_0000000006048070, 0, 2;
L_0000000006048c50 .functor MUXZ 2, L_0000000006048bb0, L_0000000006047c10, L_0000000005fd0070, C4<>;
L_0000000006047a30 .part L_0000000006048c50, 1, 1;
L_0000000006047ad0 .part L_0000000006048c50, 0, 1;
L_0000000006048d90 .functor MUXZ 1, L_0000000006047ad0, L_0000000006047a30, L_0000000005fd0620, C4<>;
S_00000000060430b0 .scope module, "lut5_mux" "PFUMX" 2 518, 2 179 0, S_0000000006044b40;
 .timescale 0 0;
    .port_info 0 /INPUT 1 "ALUT";
    .port_info 1 /INPUT 1 "BLUT";
    .port_info 2 /INPUT 1 "C0";
    .port_info 3 /OUTPUT 1 "Z";
v0000000006041b40_0 .net "ALUT", 0 0, L_0000000006048d90;  alias, 1 drivers
v0000000006041e60_0 .net "BLUT", 0 0, L_00000000060481b0;  alias, 1 drivers
v0000000006041c80_0 .net "C0", 0 0, o0000000005fe6428;  alias, 0 drivers
v0000000006041fa0_0 .net "Z", 0 0, L_0000000006047670;  alias, 1 drivers
L_0000000006047670 .functor MUXZ 1, L_00000000060481b0, L_0000000006048d90, o0000000005fe6428, C4<>;
S_0000000006043560 .scope module, "lutx_mux" "L6MUX21" 2 519, 2 65 0, S_0000000006044b40;
 .timescale 0 0;
    .port_info 0 /INPUT 1 "D0";
    .port_info 1 /INPUT 1 "D1";
    .port_info 2 /INPUT 1 "SD";
    .port_info 3 /OUTPUT 1 "Z";
v0000000006041be0_0 .net "D0", 0 0, o0000000005fe71a8;  alias, 0 drivers
v0000000006042180_0 .net "D1", 0 0, o0000000005fe71d8;  alias, 0 drivers
v0000000006042220_0 .net "SD", 0 0, o0000000005fe6698;  alias, 0 drivers
v00000000060427c0_0 .net "Z", 0 0, L_0000000006047cb0;  alias, 1 drivers
L_0000000006047cb0 .functor MUXZ 1, o0000000005fe71a8, o0000000005fe71d8, o0000000005fe6698, C4<>;
S_0000000006044370 .scope generate, "genblk2" "genblk2" 2 481, 2 481 0, S_0000000005ee4e40;
 .timescale 0 0;
L_0000000005fd0d90 .functor BUFZ 1, o0000000005fe7388, C4<0>, C4<0>, C4<0>;
S_0000000006044e60 .scope generate, "genblk4" "genblk4" 2 482, 2 482 0, S_0000000005ee4e40;
 .timescale 0 0;
L_0000000005fcff20 .functor BUFZ 1, o0000000005fe73e8, C4<0>, C4<0>, C4<0>;
S_0000000006043240 .scope generate, "genblk6" "genblk6" 2 483, 2 483 0, S_0000000005ee4e40;
 .timescale 0 0;
L_0000000005fcff90 .functor BUFZ 1, o0000000005fe7448, C4<0>, C4<0>, C4<0>;
S_00000000060433d0 .scope generate, "genblk8" "genblk8" 2 484, 2 484 0, S_0000000005ee4e40;
 .timescale 0 0;
L_0000000005fd0000 .functor BUFZ 1, o0000000005fe74a8, C4<0>, C4<0>, C4<0>;
S_0000000006043ec0 .scope function.vec4.s16, "permute_initval" "permute_initval" 2 492, 2 492 0, S_0000000005ee4e40;
 .timescale 0 0;
v00000000060422c0_0 .var/i "i", 31 0;
v0000000006042400_0 .var "initval", 15 0;
; Variable permute_initval is vec4 return value of scope S_0000000006043ec0
TD_TRELLIS_SLICE.permute_initval ;
    %pushi/vec4 0, 0, 32;
    %store/vec4 v00000000060422c0_0, 0, 32;
T_1.12 ;
    %load/vec4 v00000000060422c0_0;
    %cmpi/s 16, 0, 32;
    %jmp/0xz T_1.13, 5;
    %load/vec4 v0000000006042400_0;
    %load/vec4 v00000000060422c0_0;
    %part/s 1;
    %load/vec4 v00000000060422c0_0;
    %parti/s 1, 0, 2;
    %load/vec4 v00000000060422c0_0;
    %parti/s 1, 2, 3;
    %concat/vec4; draw_concat_vec4
    %load/vec4 v00000000060422c0_0;
    %parti/s 1, 1, 2;
    %concat/vec4; draw_concat_vec4
    %load/vec4 v00000000060422c0_0;
    %parti/s 1, 3, 3;
    %concat/vec4; draw_concat_vec4
    %ix/vec4 4;
    %ret/vec4 0, 4, 1; Assign to permute_initval (store_vec4_to_lval)
    %load/vec4 v00000000060422c0_0;
    %addi 1, 0, 32;
    %store/vec4 v00000000060422c0_0, 0, 32;
    %jmp T_1.12;
T_1.13 ;
    %end;
S_0000000005ee4fd0 .scope module, "tx_top" "tx_top" 3 5;
 .timescale 0 0;
    .port_info 0 /INPUT 8 "tx_input";
    .port_info 1 /INPUT 1 "tx_enable";
    .port_info 2 /OUTPUT 1 "tx_done";
    .port_info 3 /OUTPUT 1 "tx_busy";
    .port_info 4 /OUTPUT 1 "tx_output";
    .port_info 5 /INPUT 1 "clk";
P_0000000005eb1ac0 .param/l "stop_bit_count" 0 3 9, +C4<00000000000000000000000000000001>;
P_0000000005eb1af8 .param/l "system_clock" 0 3 7, +C4<00000001011111010111100001000000>;
P_0000000005eb1b30 .param/l "tx_baudrate" 0 3 8, +C4<00000000000000000010010110000000>;
o0000000005fe8078 .functor BUFZ 1, C4<z>; HiZ drive
v0000000006047210_0 .net "clk", 0 0, o0000000005fe8078;  0 drivers
v0000000006048750_0 .net "tx_busy", 0 0, v00000000060484d0_0;  1 drivers
v0000000006048930_0 .net "tx_clock", 0 0, v0000000006047710_0;  1 drivers
v0000000006047e90_0 .net "tx_done", 0 0, v00000000060486b0_0;  1 drivers
o0000000005fe8258 .functor BUFZ 1, C4<z>; HiZ drive
v0000000006048f70_0 .net "tx_enable", 0 0, o0000000005fe8258;  0 drivers
o0000000005fe8288 .functor BUFZ 8, C4<zzzzzzzz>; HiZ drive
v00000000060477b0_0 .net "tx_input", 7 0, o0000000005fe8288;  0 drivers
v0000000006047350_0 .net "tx_output", 0 0, v0000000006048890_0;  1 drivers
S_0000000006043880 .scope module, "clockuse" "tx_clock_divider" 3 28, 4 5 0, S_0000000005ee4fd0;
 .timescale 0 0;
    .port_info 0 /INPUT 1 "clk";
    .port_info 1 /OUTPUT 1 "tx_clock";
P_0000000005f37b40 .param/l "system_clock" 0 4 6, +C4<00000001011111010111100001000000>;
P_0000000005f37b78 .param/l "tx_baudrate" 0 4 7, +C4<00000000000000000010010110000000>;
P_0000000005f37bb0 .param/l "tx_counter_max" 1 4 13, +C4<0000000000000000000000000000000000000000000000000000010100010110>;
P_0000000005f37be8 .param/l "tx_counter_width" 1 4 14, +C4<00000000000000000000000000001011>;
v0000000006048ed0_0 .net "clk", 0 0, o0000000005fe8078;  alias, 0 drivers
v0000000006047710_0 .var "tx_clock", 0 0;
v00000000060472b0_0 .var "tx_counter", 10 0;
E_0000000005fc5830 .event posedge, v0000000006048ed0_0;
S_0000000006043a10 .scope module, "fsmuse" "uart_tx" 3 31, 5 5 0, S_0000000005ee4fd0;
 .timescale 0 0;
    .port_info 0 /INPUT 1 "tx_clock";
    .port_info 1 /INPUT 1 "tx_enable";
    .port_info 2 /INPUT 8 "tx_input";
    .port_info 3 /OUTPUT 1 "tx_done";
    .port_info 4 /OUTPUT 1 "tx_busy";
    .port_info 5 /OUTPUT 1 "tx_output";
P_0000000005eba5e0 .param/l "data_bit" 0 5 19, C4<011>;
P_0000000005eba618 .param/l "ideal" 0 5 17, C4<001>;
P_0000000005eba650 .param/l "reset" 0 5 16, C4<000>;
P_0000000005eba688 .param/l "start_bit" 0 5 18, C4<010>;
P_0000000005eba6c0 .param/l "stop_bit" 0 5 20, C4<100>;
P_0000000005eba6f8 .param/l "stop_bit_count" 0 5 6, +C4<00000000000000000000000000000001>;
v00000000060487f0_0 .var "state", 2 0;
v0000000006047170_0 .var "tx_bit_index", 2 0;
v00000000060484d0_0 .var "tx_busy", 0 0;
v0000000006047530_0 .net "tx_clock", 0 0, v0000000006047710_0;  alias, 1 drivers
v0000000006047df0_0 .var "tx_data", 7 0;
v00000000060486b0_0 .var "tx_done", 0 0;
v0000000006048430_0 .net "tx_enable", 0 0, o0000000005fe8258;  alias, 0 drivers
v0000000006048a70_0 .net "tx_input", 7 0, o0000000005fe8288;  alias, 0 drivers
v0000000006048890_0 .var "tx_output", 0 0;
E_0000000005fc4e30 .event posedge, v0000000006047710_0;
    .scope S_0000000005e82b60;
T_2 ;
    %pushi/vec4 0, 0, 32;
    %store/vec4 v000000000603fa20_0, 0, 32;
T_2.0 ;
    %load/vec4 v000000000603fa20_0;
    %cmpi/s 15, 0, 32;
    %jmp/0xz T_2.1, 5;
    %pushi/vec4 0, 0, 64;
    %load/vec4 v000000000603fa20_0;
    %muli 4, 0, 32;
    %part/s 4;
    %ix/getv/s 3, v000000000603fa20_0;
    %ix/load 4, 0, 0; Constant delay
    %assign/vec4/a/d v000000000603fb60, 0, 4;
    %load/vec4 v000000000603fa20_0;
    %addi 1, 0, 32;
    %store/vec4 v000000000603fa20_0, 0, 32;
    %jmp T_2.0;
T_2.1 ;
    %end;
    .thread T_2;
    .scope S_0000000005e82b60;
T_3 ;
    %wait E_0000000005fc48b0;
    %load/vec4 v000000000603e300_0;
    %flag_set/vec4 8;
    %jmp/0xz  T_3.0, 8;
    %load/vec4 v000000000603e800_0;
    %load/vec4 v000000000603e1c0_0;
    %pad/u 6;
    %ix/vec4 3;
    %ix/load 4, 0, 0; Constant delay
    %assign/vec4/a/d v000000000603fb60, 0, 4;
T_3.0 ;
    %jmp T_3;
    .thread T_3;
    .scope S_0000000005e82e80;
T_4 ;
    %pushi/vec4 0, 0, 32;
    %store/vec4 v000000000603f5c0_0, 0, 32;
T_4.0 ;
    %load/vec4 v000000000603f5c0_0;
    %cmpi/s 16, 0, 32;
    %jmp/0xz T_4.1, 5;
    %pushi/vec4 0, 0, 64;
    %load/vec4 v000000000603f5c0_0;
    %addi 3, 0, 32;
    %part/s 1;
    %pushi/vec4 0, 0, 64;
    %load/vec4 v000000000603f5c0_0;
    %addi 2, 0, 32;
    %part/s 1;
    %concat/vec4; draw_concat_vec4
    %pushi/vec4 0, 0, 64;
    %load/vec4 v000000000603f5c0_0;
    %addi 1, 0, 32;
    %part/s 1;
    %concat/vec4; draw_concat_vec4
    %pushi/vec4 0, 0, 64;
    %load/vec4 v000000000603f5c0_0;
    %part/s 1;
    %concat/vec4; draw_concat_vec4
    %ix/getv/s 3, v000000000603f5c0_0;
    %ix/load 4, 0, 0; Constant delay
    %assign/vec4/a/d v000000000603f7a0, 0, 4;
    %load/vec4 v000000000603f5c0_0;
    %addi 1, 0, 32;
    %store/vec4 v000000000603f5c0_0, 0, 32;
    %jmp T_4.0;
T_4.1 ;
    %end;
    .thread T_4;
    .scope S_0000000005e82e80;
T_5 ;
    %wait E_0000000005fc3ef0;
    %pushi/vec4 5722693, 0, 24; draw_string_vec4
    %dup/vec4;
    %pushi/vec4 49, 0, 24; draw_string_vec4
    %cmp/u;
    %jmp/1 T_5.0, 6;
    %dup/vec4;
    %pushi/vec4 48, 0, 24; draw_string_vec4
    %cmp/u;
    %jmp/1 T_5.1, 6;
    %dup/vec4;
    %pushi/vec4 4804182, 0, 24; draw_string_vec4
    %cmp/u;
    %jmp/1 T_5.2, 6;
    %load/vec4 v000000000603e440_0;
    %store/vec4 v000000000603ed00_0, 0, 1;
    %jmp T_5.4;
T_5.0 ;
    %pushi/vec4 1, 0, 1;
    %store/vec4 v000000000603ed00_0, 0, 1;
    %jmp T_5.4;
T_5.1 ;
    %pushi/vec4 0, 0, 1;
    %store/vec4 v000000000603ed00_0, 0, 1;
    %jmp T_5.4;
T_5.2 ;
    %load/vec4 v000000000603e440_0;
    %inv;
    %store/vec4 v000000000603ed00_0, 0, 1;
    %jmp T_5.4;
T_5.4 ;
    %pop/vec4 1;
    %jmp T_5;
    .thread T_5, $push;
    .scope S_0000000005e82e80;
T_6 ;
    %wait E_0000000005fc3df0;
    %load/vec4 v000000000603ed00_0;
    %flag_set/vec4 8;
    %jmp/0xz  T_6.0, 8;
    %load/vec4 v000000000603e3a0_0;
    %load/vec4 v000000000603e120_0;
    %pad/u 6;
    %ix/vec4 3;
    %ix/load 4, 0, 0; Constant delay
    %assign/vec4/a/d v000000000603f7a0, 0, 4;
T_6.0 ;
    %jmp T_6;
    .thread T_6;
    .scope S_0000000005ee4cb0;
T_7 ;
    %wait E_0000000005fc4330;
    %load/vec4 v000000000603fca0_0;
    %cmpi/e 0, 1, 1;
    %jmp/0xz  T_7.0, 6;
    %pushi/vec4 0, 0, 1;
    %assign/vec4 v000000000603f480_0, 0;
    %jmp T_7.1;
T_7.0 ;
    %load/vec4 v000000000603fca0_0;
    %assign/vec4 v000000000603f480_0, 0;
T_7.1 ;
    %jmp T_7;
    .thread T_7, $push;
    .scope S_0000000005ebfa90;
T_8 ;
    %wait E_0000000005fc3d70;
    %load/vec4 v000000000603f340_0;
    %flag_set/vec4 8;
    %jmp/0xz  T_8.0, 8;
    %load/vec4 v000000000603e9e0_0;
    %assign/vec4 v000000000603f0c0_0, 0;
    %jmp T_8.1;
T_8.0 ;
    %load/vec4 v000000000603e8a0_0;
    %flag_set/vec4 8;
    %jmp/0xz  T_8.2, 8;
    %load/vec4 v000000000603fde0_0;
    %assign/vec4 v000000000603f0c0_0, 0;
T_8.2 ;
T_8.1 ;
    %jmp T_8;
    .thread T_8;
    .scope S_0000000005ed28a0;
T_9 ;
    %load/vec4 v000000000603e9e0_0;
    %store/vec4 v000000000603f0c0_0, 0, 1;
    %end;
    .thread T_9;
    .scope S_0000000006040220;
T_10 ;
    %wait E_0000000005fc4630;
    %load/vec4 v00000000060429a0_0;
    %flag_set/vec4 8;
    %jmp/0xz  T_10.0, 8;
    %load/vec4 v0000000006041640_0;
    %assign/vec4 v0000000006041d20_0, 0;
    %jmp T_10.1;
T_10.0 ;
    %load/vec4 v0000000006042720_0;
    %flag_set/vec4 8;
    %jmp/0xz  T_10.2, 8;
    %load/vec4 v000000000603eb20_0;
    %assign/vec4 v0000000006041d20_0, 0;
T_10.2 ;
T_10.1 ;
    %jmp T_10;
    .thread T_10;
    .scope S_0000000006040d10;
T_11 ;
    %load/vec4 v0000000006041640_0;
    %store/vec4 v0000000006041d20_0, 0, 1;
    %end;
    .thread T_11;
    .scope S_0000000006043880;
T_12 ;
    %pushi/vec4 0, 0, 11;
    %store/vec4 v00000000060472b0_0, 0, 11;
    %end;
    .thread T_12;
    .scope S_0000000006043880;
T_13 ;
    %pushi/vec4 0, 0, 1;
    %store/vec4 v0000000006047710_0, 0, 1;
    %end;
    .thread T_13;
    .scope S_0000000006043880;
T_14 ;
    %wait E_0000000005fc5830;
    %load/vec4 v00000000060472b0_0;
    %cmpi/e 1302, 0, 11;
    %jmp/0xz  T_14.0, 4;
    %pushi/vec4 0, 0, 11;
    %assign/vec4 v00000000060472b0_0, 0;
    %load/vec4 v0000000006047710_0;
    %inv;
    %assign/vec4 v0000000006047710_0, 0;
    %jmp T_14.1;
T_14.0 ;
    %load/vec4 v00000000060472b0_0;
    %addi 1, 0, 11;
    %assign/vec4 v00000000060472b0_0, 0;
T_14.1 ;
    %jmp T_14;
    .thread T_14;
    .scope S_0000000006043a10;
T_15 ;
    %pushi/vec4 0, 0, 3;
    %store/vec4 v00000000060487f0_0, 0, 3;
    %pushi/vec4 0, 0, 8;
    %store/vec4 v0000000006047df0_0, 0, 8;
    %pushi/vec4 0, 0, 3;
    %store/vec4 v0000000006047170_0, 0, 3;
    %end;
    .thread T_15;
    .scope S_0000000006043a10;
T_16 ;
    %wait E_0000000005fc4e30;
    %load/vec4 v0000000006048430_0;
    %nor/r;
    %flag_set/vec4 8;
    %jmp/0xz  T_16.0, 8;
    %pushi/vec4 0, 0, 3;
    %assign/vec4 v00000000060487f0_0, 0;
T_16.0 ;
    %jmp T_16;
    .thread T_16;
    .scope S_0000000006043a10;
T_17 ;
    %wait E_0000000005fc4e30;
    %load/vec4 v00000000060487f0_0;
    %dup/vec4;
    %pushi/vec4 0, 0, 3;
    %cmp/u;
    %jmp/1 T_17.0, 6;
    %dup/vec4;
    %pushi/vec4 1, 0, 3;
    %cmp/u;
    %jmp/1 T_17.1, 6;
    %dup/vec4;
    %pushi/vec4 2, 0, 3;
    %cmp/u;
    %jmp/1 T_17.2, 6;
    %dup/vec4;
    %pushi/vec4 3, 0, 3;
    %cmp/u;
    %jmp/1 T_17.3, 6;
    %dup/vec4;
    %pushi/vec4 4, 0, 3;
    %cmp/u;
    %jmp/1 T_17.4, 6;
    %pushi/vec4 0, 0, 3;
    %assign/vec4 v00000000060487f0_0, 0;
    %jmp T_17.6;
T_17.0 ;
    %pushi/vec4 0, 0, 3;
    %assign/vec4 v0000000006047170_0, 0;
    %pushi/vec4 0, 0, 1;
    %assign/vec4 v00000000060484d0_0, 0;
    %pushi/vec4 0, 0, 1;
    %assign/vec4 v00000000060486b0_0, 0;
    %pushi/vec4 1, 0, 1;
    %assign/vec4 v0000000006048890_0, 0;
    %load/vec4 v0000000006048430_0;
    %flag_set/vec4 8;
    %jmp/0xz  T_17.7, 8;
    %pushi/vec4 1, 0, 3;
    %assign/vec4 v00000000060487f0_0, 0;
T_17.7 ;
    %jmp T_17.6;
T_17.1 ;
    %load/vec4 v0000000006048430_0;
    %flag_set/vec4 8;
    %jmp/0xz  T_17.9, 8;
    %load/vec4 v0000000006048a70_0;
    %assign/vec4 v0000000006047df0_0, 0;
    %pushi/vec4 2, 0, 3;
    %assign/vec4 v00000000060487f0_0, 0;
T_17.9 ;
    %jmp T_17.6;
T_17.2 ;
    %pushi/vec4 0, 0, 3;
    %assign/vec4 v0000000006047170_0, 0;
    %pushi/vec4 1, 0, 1;
    %assign/vec4 v00000000060484d0_0, 0;
    %pushi/vec4 0, 0, 1;
    %assign/vec4 v00000000060486b0_0, 0;
    %pushi/vec4 0, 0, 1;
    %assign/vec4 v0000000006048890_0, 0;
    %pushi/vec4 3, 0, 3;
    %assign/vec4 v00000000060487f0_0, 0;
    %jmp T_17.6;
T_17.3 ;
    %pushi/vec4 0, 0, 1;
    %load/vec4 v0000000006047df0_0;
    %parti/s 7, 1, 2;
    %concat/vec4; draw_concat_vec4
    %assign/vec4 v0000000006047df0_0, 0;
    %load/vec4 v0000000006047df0_0;
    %parti/s 1, 0, 2;
    %assign/vec4 v0000000006048890_0, 0;
    %load/vec4 v0000000006047170_0;
    %addi 1, 0, 3;
    %assign/vec4 v0000000006047170_0, 0;
    %load/vec4 v0000000006047170_0;
    %and/r;
    %flag_set/vec4 8;
    %jmp/0xz  T_17.11, 8;
    %pushi/vec4 4, 0, 3;
    %assign/vec4 v00000000060487f0_0, 0;
T_17.11 ;
    %jmp T_17.6;
T_17.4 ;
    %pushi/vec4 1, 0, 1;
    %assign/vec4 v00000000060486b0_0, 0;
    %pushi/vec4 1, 0, 1;
    %assign/vec4 v0000000006048890_0, 0;
    %load/vec4 v0000000006048430_0;
    %flag_set/vec4 8;
    %jmp/0xz  T_17.13, 8;
    %load/vec4 v00000000060486b0_0;
    %cmpi/e 0, 0, 1;
    %jmp/0xz  T_17.15, 4;
    %load/vec4 v0000000006048a70_0;
    %assign/vec4 v0000000006047df0_0, 0;
    %pushi/vec4 2, 0, 3;
    %assign/vec4 v00000000060487f0_0, 0;
    %jmp T_17.16;
T_17.15 ;
    %pushi/vec4 0, 0, 1;
    %assign/vec4 v00000000060486b0_0, 0;
    %pushi/vec4 2, 0, 3;
    %assign/vec4 v00000000060487f0_0, 0;
T_17.16 ;
    %jmp T_17.14;
T_17.13 ;
    %pushi/vec4 0, 0, 3;
    %assign/vec4 v00000000060487f0_0, 0;
T_17.14 ;
    %jmp T_17.6;
T_17.6 ;
    %pop/vec4 1;
    %jmp T_17;
    .thread T_17;
# The file index is used to find the file name in the following table.
:file_names 6;
    "N/A";
    "<interactive>";
    "C:\Users\Admin\.apio\packages\tools-oss-cad-suite\share\yosys/ecp5/cells_sim.v";
    "tx_top.v";
    "tx_clock.v";
    "tx_fsm.v";
